#
# There is insufficient memory for the Java Runtime Environment to continue.
# Native memory allocation (malloc) failed to allocate 1319568 bytes. Error detail: Chunk::new
# Possible reasons:
#   The system is out of physical RAM or swap space
#   This process is running with CompressedOops enabled, and the Java Heap may be blocking the growth of the native heap
# Possible solutions:
#   Reduce memory load on the system
#   Increase physical memory or swap space
#   Check if swap backing store is full
#   Decrease Java heap size (-Xmx/-Xms)
#   Decrease number of Java threads
#   Decrease Java thread stack sizes (-Xss)
#   Set larger code cache with -XX:ReservedCodeCacheSize=
#   JVM is running with Unscaled Compressed Oops mode in which the Java heap is
#     placed in the first 4GB address space. The Java Heap base address is the
#     maximum limit for the native heap growth. Please use -XX:HeapBaseMinAddress
#     to set the Java Heap base and to place the Java Heap above 4GB virtual address.
# This output file may be truncated or incomplete.
#
#  Out of Memory Error (arena.cpp:162), pid=22240, tid=2600
#
# JRE version: Java(TM) SE Runtime Environment (24.0+36) (build 24+36-3646)
# Java VM: Java HotSpot(TM) 64-Bit Server VM (24+36-3646, mixed mode, sharing, tiered, compressed oops, compressed class ptrs, g1 gc, windows-amd64)
# No core dump will be written. Minidumps are not enabled by default on client versions of Windows
#

---------------  S U M M A R Y ------------

Command Line: --add-opens=java.base/java.lang=ALL-UNNAMED --add-opens=java.base/java.lang.invoke=ALL-UNNAMED --add-opens=java.base/java.util=ALL-UNNAMED --add-opens=java.prefs/java.util.prefs=ALL-UNNAMED --add-exports=jdk.compiler/com.sun.tools.javac.api=ALL-UNNAMED --add-exports=jdk.compiler/com.sun.tools.javac.util=ALL-UNNAMED --add-opens=java.base/java.util=ALL-UNNAMED --add-opens=java.prefs/java.util.prefs=ALL-UNNAMED --add-opens=java.base/java.nio.charset=ALL-UNNAMED --add-opens=java.base/java.net=ALL-UNNAMED --add-opens=java.base/java.util.concurrent.atomic=ALL-UNNAMED --add-opens=java.xml/javax.xml.namespace=ALL-UNNAMED --enable-native-access=ALL-UNNAMED -XX:MaxMetaspaceSize=512m -Xmx2048m -Dfile.encoding=UTF-8 -Duser.country=PH -Duser.language=en -Duser.variant -javaagent:C:\Users\ricoe\.gradle\wrapper\dists\gradle-8.14.3-bin\cv11ve7ro1n3o1j4so8xd9n66\gradle-8.14.3\lib\agents\gradle-instrumentation-agent-8.14.3.jar org.gradle.launcher.daemon.bootstrap.GradleDaemon 8.14.3

Host: 11th Gen Intel(R) Core(TM) i5-11400H @ 2.70GHz, 12 cores, 7G,  Windows 11 , 64 bit Build 26100 (10.0.26100.7309)
Time: Sun Jan  4 21:51:44 2026 Malay Peninsula Standard Time elapsed time: 1702.864209 seconds (0d 0h 28m 22s)

---------------  T H R E A D  ---------------

Current thread (0x000001a66ec08650):  JavaThread "C2 CompilerThread0" daemon [_thread_in_native, id=2600, stack(0x00000051a5300000,0x00000051a5400000) (1024K)]


Current CompileTask:
C2:1702864 20855       4       java.math.BigInteger::montReduce (99 bytes)

Stack: [0x00000051a5300000,0x00000051a5400000]
Native frames: (J=compiled Java code, j=interpreted, Vv=VM code, C=native code)
V  [jvm.dll+0x7308c9]  (no source info available)
V  [jvm.dll+0x8d9ca3]  (no source info available)
V  [jvm.dll+0x8dc13d]  (no source info available)
V  [jvm.dll+0x8dc7b3]  (no source info available)
V  [jvm.dll+0x2aa046]  (no source info available)
V  [jvm.dll+0xced8f]  (no source info available)
V  [jvm.dll+0xcefef]  (no source info available)
V  [jvm.dll+0x154d23]  (no source info available)
V  [jvm.dll+0x7360ef]  (no source info available)
V  [jvm.dll+0x26f9dc]  (no source info available)
V  [jvm.dll+0x26e9ff]  (no source info available)
V  [jvm.dll+0x1e9d00]  (no source info available)
V  [jvm.dll+0x27e1bb]  (no source info available)
V  [jvm.dll+0x27c45a]  (no source info available)
V  [jvm.dll+0x42f566]  (no source info available)
V  [jvm.dll+0x87d8fb]  (no source info available)
V  [jvm.dll+0x72efe5]  (no source info available)
C  [ucrtbase.dll+0x37b0]  (no source info available)
C  [KERNEL32.DLL+0x2e8d7]  (no source info available)
C  [ntdll.dll+0x8c53c]  (no source info available)

Lock stack of current Java thread (top to bottom):


---------------  P R O C E S S  ---------------

Threads class SMR info:
_java_thread_list=0x000001a62576c1a0, length=42, elements={
0x000001a652060e00, 0x000001a66ebf5590, 0x000001a66ebf80e0, 0x000001a66ebfa210,
0x000001a66ebfb090, 0x000001a66ec03bd0, 0x000001a61f0301c0, 0x000001a66ec08650,
0x000001a66ec0b720, 0x000001a61f0e4f40, 0x000001a61f2c2b10, 0x000001a620ab3b00,
0x000001a620ac6b20, 0x000001a620b3ff10, 0x000001a620c07550, 0x000001a620c050c0,
0x000001a620c05810, 0x000001a620c04970, 0x000001a620c099e0, 0x000001a620c08b40,
0x000001a620c083f0, 0x000001a620c09290, 0x000001a620c0a130, 0x000001a62158a030,
0x000001a62158d360, 0x000001a62158a780, 0x000001a62158e200, 0x000001a62158e950,
0x000001a62158b620, 0x000001a62158f0a0, 0x000001a620ef4640, 0x000001a625070d20,
0x000001a625075640, 0x000001a625c673e0, 0x000001a625c67b30, 0x000001a625c64800,
0x000001a625c6ae60, 0x000001a625c69fc0, 0x000001a625c6a710, 0x000001a625c69120,
0x000001a625c69870, 0x000001a625c68280
}

Java Threads: ( => current thread )
  0x000001a652060e00 JavaThread "main"                              [_thread_blocked, id=20076, stack(0x00000051a4500000,0x00000051a4600000) (1024K)]
  0x000001a66ebf5590 JavaThread "Reference Handler"          daemon [_thread_blocked, id=1984, stack(0x00000051a4d00000,0x00000051a4e00000) (1024K)]
  0x000001a66ebf80e0 JavaThread "Finalizer"                  daemon [_thread_blocked, id=11084, stack(0x00000051a4e00000,0x00000051a4f00000) (1024K)]
  0x000001a66ebfa210 JavaThread "Signal Dispatcher"          daemon [_thread_blocked, id=3472, stack(0x00000051a4f00000,0x00000051a5000000) (1024K)]
  0x000001a66ebfb090 JavaThread "Attach Listener"            daemon [_thread_blocked, id=5716, stack(0x00000051a5000000,0x00000051a5100000) (1024K)]
  0x000001a66ec03bd0 JavaThread "Service Thread"             daemon [_thread_blocked, id=4192, stack(0x00000051a5100000,0x00000051a5200000) (1024K)]
  0x000001a61f0301c0 JavaThread "Monitor Deflation Thread"   daemon [_thread_blocked, id=24216, stack(0x00000051a5200000,0x00000051a5300000) (1024K)]
=>0x000001a66ec08650 JavaThread "C2 CompilerThread0"         daemon [_thread_in_native, id=2600, stack(0x00000051a5300000,0x00000051a5400000) (1024K)]
  0x000001a66ec0b720 JavaThread "C1 CompilerThread0"         daemon [_thread_blocked, id=10612, stack(0x00000051a5400000,0x00000051a5500000) (1024K)]
  0x000001a61f0e4f40 JavaThread "Common-Cleaner"             daemon [_thread_blocked, id=17284, stack(0x00000051a5500000,0x00000051a5600000) (1024K)]
  0x000001a61f2c2b10 JavaThread "Notification Thread"        daemon [_thread_blocked, id=5224, stack(0x00000051a5700000,0x00000051a5800000) (1024K)]
  0x000001a620ab3b00 JavaThread "Daemon health stats"               [_thread_blocked, id=17952, stack(0x00000051a5b00000,0x00000051a5c00000) (1024K)]
  0x000001a620ac6b20 JavaThread "Incoming local TCP Connector on port 51547"        [_thread_in_native, id=26288, stack(0x00000051a5c00000,0x00000051a5d00000) (1024K)]
  0x000001a620b3ff10 JavaThread "Daemon periodic checks"            [_thread_blocked, id=5924, stack(0x00000051a5d00000,0x00000051a5e00000) (1024K)]
  0x000001a620c07550 JavaThread "Cache worker for journal cache (C:\Users\ricoe\.gradle\caches\journal-1)"        [_thread_blocked, id=23628, stack(0x00000051a6500000,0x00000051a6600000) (1024K)]
  0x000001a620c050c0 JavaThread "File lock request listener"        [_thread_in_native, id=27400, stack(0x00000051a6600000,0x00000051a6700000) (1024K)]
  0x000001a620c05810 JavaThread "Cache worker for file hash cache (C:\Users\ricoe\.gradle\caches\8.14.3\fileHashes)"        [_thread_blocked, id=2536, stack(0x00000051a6700000,0x00000051a6800000) (1024K)]
  0x000001a620c04970 JavaThread "File watcher server"        daemon [_thread_in_native, id=26220, stack(0x00000051a7300000,0x00000051a7400000) (1024K)]
  0x000001a620c099e0 JavaThread "File watcher consumer"      daemon [_thread_blocked, id=25784, stack(0x00000051a7400000,0x00000051a7500000) (1024K)]
  0x000001a620c08b40 JavaThread "jar transforms"                    [_thread_blocked, id=17608, stack(0x00000051a7500000,0x00000051a7600000) (1024K)]
  0x000001a620c083f0 JavaThread "jar transforms Thread 2"           [_thread_blocked, id=22928, stack(0x00000051a7600000,0x00000051a7700000) (1024K)]
  0x000001a620c09290 JavaThread "jar transforms Thread 3"           [_thread_blocked, id=27460, stack(0x00000051a7700000,0x00000051a7800000) (1024K)]
  0x000001a620c0a130 JavaThread "jar transforms Thread 4"           [_thread_blocked, id=18516, stack(0x00000051a7800000,0x00000051a7900000) (1024K)]
  0x000001a62158a030 JavaThread "jar transforms Thread 5"           [_thread_blocked, id=23872, stack(0x00000051a7900000,0x00000051a7a00000) (1024K)]
  0x000001a62158d360 JavaThread "Cache worker for file content cache (C:\Users\ricoe\.gradle\caches\8.14.3\fileContent)"        [_thread_blocked, id=26344, stack(0x00000051a7a00000,0x00000051a7b00000) (1024K)]
  0x000001a62158a780 JavaThread "jar transforms Thread 6"           [_thread_blocked, id=5724, stack(0x00000051a7b00000,0x00000051a7c00000) (1024K)]
  0x000001a62158e200 JavaThread "jar transforms Thread 7"           [_thread_blocked, id=18604, stack(0x00000051a7c00000,0x00000051a7d00000) (1024K)]
  0x000001a62158e950 JavaThread "jar transforms Thread 8"           [_thread_blocked, id=17560, stack(0x00000051a7d00000,0x00000051a7e00000) (1024K)]
  0x000001a62158b620 JavaThread "jar transforms Thread 9"           [_thread_blocked, id=18208, stack(0x00000051a7e00000,0x00000051a7f00000) (1024K)]
  0x000001a62158f0a0 JavaThread "jar transforms Thread 10"          [_thread_blocked, id=7692, stack(0x00000051a7f00000,0x00000051a8000000) (1024K)]
  0x000001a620ef4640 JavaThread "Memory manager"                    [_thread_blocked, id=20304, stack(0x00000051aaf00000,0x00000051ab000000) (1024K)]
  0x000001a625070d20 JavaThread "jar transforms Thread 11"          [_thread_blocked, id=4212, stack(0x00000051b1f00000,0x00000051b2000000) (1024K)]
  0x000001a625075640 JavaThread "jar transforms Thread 12"          [_thread_blocked, id=25820, stack(0x00000051b2200000,0x00000051b2300000) (1024K)]
  0x000001a625c673e0 JavaThread "Daemon Thread 2"                   [_thread_blocked, id=11664, stack(0x00000051a4200000,0x00000051a4300000) (1024K)]
  0x000001a625c67b30 JavaThread "Handler for socket connection from /127.0.0.1:51547 to /127.0.0.1:51420"        [_thread_in_native, id=23344, stack(0x00000051a4300000,0x00000051a4400000) (1024K)]
  0x000001a625c64800 JavaThread "Cancel handler"                    [_thread_blocked, id=14252, stack(0x00000051a4400000,0x00000051a4500000) (1024K)]
  0x000001a625c6ae60 JavaThread "Daemon worker Thread 2"            [_thread_in_vm, id=23232, stack(0x00000051a5600000,0x00000051a5700000) (1024K)]
  0x000001a625c69fc0 JavaThread "Asynchronous log dispatcher for DefaultDaemonConnection: socket connection from /127.0.0.1:51547 to /127.0.0.1:51420"        [_thread_blocked, id=27288, stack(0x00000051a5800000,0x00000051a5900000) (1024K)]
  0x000001a625c6a710 JavaThread "Stdin handler"                     [_thread_blocked, id=19968, stack(0x00000051a5e00000,0x00000051a5f00000) (1024K)]
  0x000001a625c69120 JavaThread "Daemon client event forwarder"        [_thread_blocked, id=21308, stack(0x00000051a5f00000,0x00000051a6000000) (1024K)]
  0x000001a625c69870 JavaThread "Cache worker for file hash cache (C:\Users\ricoe\SOFTENG\PsoMetric\android\.gradle\8.14.3\fileHashes)"        [_thread_blocked, id=4988, stack(0x00000051a6000000,0x00000051a6100000) (1024K)]
  0x000001a625c68280 JavaThread "Cache worker for Build Output Cleanup Cache (C:\Users\ricoe\SOFTENG\PsoMetric\android\.gradle\buildOutputCleanup)"        [_thread_blocked, id=13160, stack(0x00000051a6100000,0x00000051a6200000) (1024K)]
Total: 42

Other Threads:
  0x000001a66ebe59b0 VMThread "VM Thread"                           [id=21188, stack(0x00000051a4c00000,0x00000051a4d00000) (1024K)]
  0x000001a66ebd1970 WatcherThread "VM Periodic Task Thread"        [id=26452, stack(0x00000051a4b00000,0x00000051a4c00000) (1024K)]
  0x000001a6520bac80 WorkerThread "GC Thread#0"                     [id=5544, stack(0x00000051a4600000,0x00000051a4700000) (1024K)]
  0x000001a620164d50 WorkerThread "GC Thread#1"                     [id=22616, stack(0x00000051a5900000,0x00000051a5a00000) (1024K)]
  0x000001a620165100 WorkerThread "GC Thread#2"                     [id=4864, stack(0x00000051a5a00000,0x00000051a5b00000) (1024K)]
  0x000001a6212292f0 WorkerThread "GC Thread#3"                     [id=24500, stack(0x00000051a6800000,0x00000051a6900000) (1024K)]
  0x000001a62129e440 WorkerThread "GC Thread#4"                     [id=15872, stack(0x00000051a6900000,0x00000051a6a00000) (1024K)]
  0x000001a620eaa8c0 WorkerThread "GC Thread#5"                     [id=12864, stack(0x00000051a6a00000,0x00000051a6b00000) (1024K)]
  0x000001a6212f5940 WorkerThread "GC Thread#6"                     [id=22816, stack(0x00000051a6b00000,0x00000051a6c00000) (1024K)]
  0x000001a6212f5590 WorkerThread "GC Thread#7"                     [id=14604, stack(0x00000051a6c00000,0x00000051a6d00000) (1024K)]
  0x000001a6212f5cf0 WorkerThread "GC Thread#8"                     [id=27836, stack(0x00000051a6d00000,0x00000051a6e00000) (1024K)]
  0x000001a6212f60a0 WorkerThread "GC Thread#9"                     [id=23528, stack(0x00000051a6e00000,0x00000051a6f00000) (1024K)]
  0x000001a6520cfbe0 ConcurrentGCThread "G1 Main Marker"            [id=21996, stack(0x00000051a4700000,0x00000051a4800000) (1024K)]
  0x000001a6520d1370 WorkerThread "G1 Conc#0"                       [id=26404, stack(0x00000051a4800000,0x00000051a4900000) (1024K)]
  0x000001a6212f6800 WorkerThread "G1 Conc#1"                       [id=9360, stack(0x00000051a6f00000,0x00000051a7000000) (1024K)]
  0x000001a6212f51e0 WorkerThread "G1 Conc#2"                       [id=27528, stack(0x00000051a7000000,0x00000051a7100000) (1024K)]
  0x000001a65211daf0 ConcurrentGCThread "G1 Refine#0"               [id=13260, stack(0x00000051a4900000,0x00000051a4a00000) (1024K)]
  0x000001a65211e320 ConcurrentGCThread "G1 Service"                [id=19848, stack(0x00000051a4a00000,0x00000051a4b00000) (1024K)]
Total: 18

Threads with active compile tasks:
C2 CompilerThread0  1703015 20855       4       java.math.BigInteger::montReduce (99 bytes)
Total: 1

VM state: not at safepoint (normal execution)

VM Mutex/Monitor currently owned by a thread: None

Heap address: 0x0000000080000000, size: 2048 MB, Compressed Oops mode: 32-bit

CDS archive(s) mapped at: [0x000001a600000000-0x000001a600d40000-0x000001a600d40000), size 13893632, SharedBaseAddress: 0x000001a600000000, ArchiveRelocationMode: 1.
Compressed class space mapped at: 0x000001a601000000-0x000001a61b000000, reserved size: 436207616
UseCompressedClassPointers 1, UseCompactObjectHeaders 0
Narrow klass pointer bits 32, Max shift 3
Narrow klass base: 0x000001a600000000, Narrow klass shift: 0
Encoding Range: [0x000001a600000000 - 0x000001a700000000), (4294967296 bytes)
Klass Range:    [0x000001a600000000 - 0x000001a61b000000), (452984832 bytes)
Klass ID Range:  [8 - 452984825) (452984817)

GC Precious Log:
 CardTable entry size: 512
 Card Set container configuration: InlinePtr #cards 5 size 8 Array Of Cards #cards 10 size 36 Howl #buckets 4 coarsen threshold 1843 Howl Bitmap #cards 512 size 80 coarsen threshold 460 Card regions per heap region 1 cards per card region 2048
 CPUs: 12 total, 12 available
 Memory: 7971M
 Large Page Support: Disabled
 NUMA Support: Disabled
 Compressed Oops: Enabled (32-bit)
 Heap Region Size: 1M
 Heap Min Capacity: 8M
 Heap Initial Capacity: 126M
 Heap Max Capacity: 2G
 Pre-touch: Disabled
 Parallel Workers: 10
 Concurrent Workers: 3
 Concurrent Refinement Workers: 10
 Periodic GC: Disabled

Heap:
 garbage-first heap   total reserved 2097152K, committed 263168K, used 215002K [0x0000000080000000, 0x0000000100000000)
  region size 1024K, 55 young (56320K), 5 survivors (5120K)
 Metaspace       used 120385K, committed 123136K, reserved 557056K
  class space    used 13594K, committed 14848K, reserved 425984K

Heap Regions: E=young(eden), S=young(survivor), O=old, HS=humongous(starts), HC=humongous(continues), CS=collection set, F=free, TAMS=top-at-mark-start, PB=parsable bottom
|   0|0x0000000080000000, 0x0000000080100000, 0x0000000080100000|100%|HS|  |TAMS 0x0000000080000000| PB 0x0000000080000000| Complete |  0
|   1|0x0000000080100000, 0x0000000080200000, 0x0000000080200000|100%|HC|  |TAMS 0x0000000080100000| PB 0x0000000080100000| Complete |  0
|   2|0x0000000080200000, 0x0000000080300000, 0x0000000080300000|100%|HC|  |TAMS 0x0000000080200000| PB 0x0000000080200000| Complete |  0
|   3|0x0000000080300000, 0x0000000080400000, 0x0000000080400000|100%| O|  |TAMS 0x0000000080300000| PB 0x0000000080300000| Untracked |  0
|   4|0x0000000080400000, 0x0000000080500000, 0x0000000080500000|100%| O|  |TAMS 0x0000000080400000| PB 0x0000000080400000| Untracked |  0
|   5|0x0000000080500000, 0x0000000080600000, 0x0000000080600000|100%|HS|  |TAMS 0x0000000080500000| PB 0x0000000080500000| Complete |  0
|   6|0x0000000080600000, 0x0000000080700000, 0x0000000080700000|100%| O|  |TAMS 0x0000000080600000| PB 0x0000000080600000| Untracked |  0
|   7|0x0000000080700000, 0x0000000080800000, 0x0000000080800000|100%| O|  |TAMS 0x0000000080700000| PB 0x0000000080700000| Untracked |  0
|   8|0x0000000080800000, 0x0000000080900000, 0x0000000080900000|100%| O|  |TAMS 0x0000000080800000| PB 0x0000000080800000| Untracked |  0
|   9|0x0000000080900000, 0x0000000080a00000, 0x0000000080a00000|100%| O|  |TAMS 0x0000000080900000| PB 0x0000000080900000| Untracked |  0
|  10|0x0000000080a00000, 0x0000000080b00000, 0x0000000080b00000|100%| O|  |TAMS 0x0000000080a00000| PB 0x0000000080a00000| Untracked |  0
|  11|0x0000000080b00000, 0x0000000080c00000, 0x0000000080c00000|100%| O|  |TAMS 0x0000000080b00000| PB 0x0000000080b00000| Untracked |  0
|  12|0x0000000080c00000, 0x0000000080d00000, 0x0000000080d00000|100%| O|  |TAMS 0x0000000080c00000| PB 0x0000000080c00000| Untracked |  0
|  13|0x0000000080d00000, 0x0000000080e00000, 0x0000000080e00000|100%| O|  |TAMS 0x0000000080d00000| PB 0x0000000080d00000| Untracked |  0
|  14|0x0000000080e00000, 0x0000000080f00000, 0x0000000080f00000|100%| O|  |TAMS 0x0000000080e00000| PB 0x0000000080e00000| Untracked |  0
|  15|0x0000000080f00000, 0x0000000081000000, 0x0000000081000000|100%| O|  |TAMS 0x0000000080f00000| PB 0x0000000080f00000| Untracked |  0
|  16|0x0000000081000000, 0x0000000081100000, 0x0000000081100000|100%| O|  |TAMS 0x0000000081000000| PB 0x0000000081000000| Untracked |  0
|  17|0x0000000081100000, 0x0000000081200000, 0x0000000081200000|100%| O|  |TAMS 0x0000000081100000| PB 0x0000000081100000| Untracked |  0
|  18|0x0000000081200000, 0x0000000081300000, 0x0000000081300000|100%| O|  |TAMS 0x0000000081200000| PB 0x0000000081200000| Untracked |  0
|  19|0x0000000081300000, 0x0000000081400000, 0x0000000081400000|100%| O|  |TAMS 0x0000000081300000| PB 0x0000000081300000| Untracked |  0
|  20|0x0000000081400000, 0x0000000081500000, 0x0000000081500000|100%| O|  |TAMS 0x0000000081400000| PB 0x0000000081400000| Untracked |  0
|  21|0x0000000081500000, 0x0000000081600000, 0x0000000081600000|100%| O|  |TAMS 0x0000000081500000| PB 0x0000000081500000| Untracked |  0
|  22|0x0000000081600000, 0x0000000081700000, 0x0000000081700000|100%| O|  |TAMS 0x0000000081600000| PB 0x0000000081600000| Untracked |  0
|  23|0x0000000081700000, 0x0000000081800000, 0x0000000081800000|100%| O|  |TAMS 0x0000000081700000| PB 0x0000000081700000| Untracked |  0
|  24|0x0000000081800000, 0x0000000081900000, 0x0000000081900000|100%| O|  |TAMS 0x0000000081800000| PB 0x0000000081800000| Untracked |  0
|  25|0x0000000081900000, 0x0000000081a00000, 0x0000000081a00000|100%| O|  |TAMS 0x0000000081900000| PB 0x0000000081900000| Untracked |  0
|  26|0x0000000081a00000, 0x0000000081b00000, 0x0000000081b00000|100%| O|  |TAMS 0x0000000081a00000| PB 0x0000000081a00000| Untracked |  0
|  27|0x0000000081b00000, 0x0000000081c00000, 0x0000000081c00000|100%| O|  |TAMS 0x0000000081b00000| PB 0x0000000081b00000| Untracked |  0
|  28|0x0000000081c00000, 0x0000000081d00000, 0x0000000081d00000|100%| O|  |TAMS 0x0000000081c00000| PB 0x0000000081c00000| Untracked |  0
|  29|0x0000000081d00000, 0x0000000081e00000, 0x0000000081e00000|100%| O|  |TAMS 0x0000000081d00000| PB 0x0000000081d00000| Untracked |  0
|  30|0x0000000081e00000, 0x0000000081f00000, 0x0000000081f00000|100%| O|  |TAMS 0x0000000081e00000| PB 0x0000000081e00000| Untracked |  0
|  31|0x0000000081f00000, 0x0000000082000000, 0x0000000082000000|100%| O|  |TAMS 0x0000000081f00000| PB 0x0000000081f00000| Untracked |  0
|  32|0x0000000082000000, 0x0000000082100000, 0x0000000082100000|100%| O|  |TAMS 0x0000000082000000| PB 0x0000000082000000| Untracked |  0
|  33|0x0000000082100000, 0x0000000082200000, 0x0000000082200000|100%| O|  |TAMS 0x0000000082100000| PB 0x0000000082100000| Untracked |  0
|  34|0x0000000082200000, 0x0000000082300000, 0x0000000082300000|100%| O|  |TAMS 0x0000000082200000| PB 0x0000000082200000| Untracked |  0
|  35|0x0000000082300000, 0x0000000082400000, 0x0000000082400000|100%| O|  |TAMS 0x0000000082300000| PB 0x0000000082300000| Untracked |  0
|  36|0x0000000082400000, 0x0000000082500000, 0x0000000082500000|100%| O|  |TAMS 0x0000000082400000| PB 0x0000000082400000| Untracked |  0
|  37|0x0000000082500000, 0x0000000082600000, 0x0000000082600000|100%| O|  |TAMS 0x0000000082500000| PB 0x0000000082500000| Untracked |  0
|  38|0x0000000082600000, 0x0000000082700000, 0x0000000082700000|100%| O|  |TAMS 0x0000000082600000| PB 0x0000000082600000| Untracked |  0
|  39|0x0000000082700000, 0x0000000082800000, 0x0000000082800000|100%| O|  |TAMS 0x0000000082700000| PB 0x0000000082700000| Untracked |  0
|  40|0x0000000082800000, 0x0000000082900000, 0x0000000082900000|100%| O|  |TAMS 0x0000000082800000| PB 0x0000000082800000| Untracked |  0
|  41|0x0000000082900000, 0x0000000082a00000, 0x0000000082a00000|100%| O|  |TAMS 0x0000000082900000| PB 0x0000000082900000| Untracked |  0
|  42|0x0000000082a00000, 0x0000000082b00000, 0x0000000082b00000|100%| O|  |TAMS 0x0000000082a00000| PB 0x0000000082a00000| Untracked |  0
|  43|0x0000000082b00000, 0x0000000082c00000, 0x0000000082c00000|100%| O|  |TAMS 0x0000000082b00000| PB 0x0000000082b00000| Untracked |  0
|  44|0x0000000082c00000, 0x0000000082d00000, 0x0000000082d00000|100%| O|  |TAMS 0x0000000082c00000| PB 0x0000000082c00000| Untracked |  0
|  45|0x0000000082d00000, 0x0000000082e00000, 0x0000000082e00000|100%| O|  |TAMS 0x0000000082d00000| PB 0x0000000082d00000| Untracked |  0
|  46|0x0000000082e00000, 0x0000000082f00000, 0x0000000082f00000|100%| O|  |TAMS 0x0000000082e00000| PB 0x0000000082e00000| Untracked |  0
|  47|0x0000000082f00000, 0x0000000083000000, 0x0000000083000000|100%| O|  |TAMS 0x0000000082f00000| PB 0x0000000082f00000| Untracked |  0
|  48|0x0000000083000000, 0x0000000083100000, 0x0000000083100000|100%| O|  |TAMS 0x0000000083000000| PB 0x0000000083000000| Untracked |  0
|  49|0x0000000083100000, 0x0000000083200000, 0x0000000083200000|100%| O|  |TAMS 0x0000000083100000| PB 0x0000000083100000| Untracked |  0
|  50|0x0000000083200000, 0x0000000083300000, 0x0000000083300000|100%|HS|  |TAMS 0x0000000083200000| PB 0x0000000083200000| Complete |  0
|  51|0x0000000083300000, 0x0000000083400000, 0x0000000083400000|100%|HC|  |TAMS 0x0000000083300000| PB 0x0000000083300000| Complete |  0
|  52|0x0000000083400000, 0x0000000083500000, 0x0000000083500000|100%|HC|  |TAMS 0x0000000083400000| PB 0x0000000083400000| Complete |  0
|  53|0x0000000083500000, 0x0000000083600000, 0x0000000083600000|100%|HS|  |TAMS 0x0000000083500000| PB 0x0000000083500000| Complete |  0
|  54|0x0000000083600000, 0x0000000083700000, 0x0000000083700000|100%|HC|  |TAMS 0x0000000083600000| PB 0x0000000083600000| Complete |  0
|  55|0x0000000083700000, 0x0000000083800000, 0x0000000083800000|100%|HC|  |TAMS 0x0000000083700000| PB 0x0000000083700000| Complete |  0
|  56|0x0000000083800000, 0x0000000083900000, 0x0000000083900000|100%| O|  |TAMS 0x0000000083800000| PB 0x0000000083800000| Untracked |  0
|  57|0x0000000083900000, 0x0000000083a00000, 0x0000000083a00000|100%| O|  |TAMS 0x0000000083900000| PB 0x0000000083900000| Untracked |  0
|  58|0x0000000083a00000, 0x0000000083b00000, 0x0000000083b00000|100%| O|  |TAMS 0x0000000083a00000| PB 0x0000000083a00000| Untracked |  0
|  59|0x0000000083b00000, 0x0000000083c00000, 0x0000000083c00000|100%| O|  |TAMS 0x0000000083b00000| PB 0x0000000083b00000| Untracked |  0
|  60|0x0000000083c00000, 0x0000000083d00000, 0x0000000083d00000|100%| O|  |TAMS 0x0000000083c00000| PB 0x0000000083c00000| Untracked |  0
|  61|0x0000000083d00000, 0x0000000083e00000, 0x0000000083e00000|100%| O|  |TAMS 0x0000000083d00000| PB 0x0000000083d00000| Untracked |  0
|  62|0x0000000083e00000, 0x0000000083f00000, 0x0000000083f00000|100%| O|  |TAMS 0x0000000083e00000| PB 0x0000000083e00000| Untracked |  0
|  63|0x0000000083f00000, 0x0000000083f00000, 0x0000000084000000|  0%| F|  |TAMS 0x0000000083f00000| PB 0x0000000083f00000| Untracked |  0
|  64|0x0000000084000000, 0x0000000084100000, 0x0000000084100000|100%| O|  |TAMS 0x0000000084000000| PB 0x0000000084000000| Untracked |  0
|  65|0x0000000084100000, 0x0000000084100000, 0x0000000084200000|  0%| F|  |TAMS 0x0000000084100000| PB 0x0000000084100000| Untracked |  0
|  66|0x0000000084200000, 0x0000000084300000, 0x0000000084300000|100%| O|  |TAMS 0x0000000084200000| PB 0x0000000084200000| Untracked |  0
|  67|0x0000000084300000, 0x0000000084400000, 0x0000000084400000|100%| O|  |TAMS 0x0000000084300000| PB 0x0000000084300000| Untracked |  0
|  68|0x0000000084400000, 0x0000000084500000, 0x0000000084500000|100%| O|  |TAMS 0x0000000084400000| PB 0x0000000084400000| Untracked |  0
|  69|0x0000000084500000, 0x0000000084600000, 0x0000000084600000|100%| O|  |TAMS 0x0000000084500000| PB 0x0000000084500000| Untracked |  0
|  70|0x0000000084600000, 0x0000000084700000, 0x0000000084700000|100%| O|  |TAMS 0x0000000084600000| PB 0x0000000084600000| Untracked |  0
|  71|0x0000000084700000, 0x0000000084800000, 0x0000000084800000|100%| O|  |TAMS 0x0000000084700000| PB 0x0000000084700000| Untracked |  0
|  72|0x0000000084800000, 0x0000000084900000, 0x0000000084900000|100%| O|  |TAMS 0x0000000084800000| PB 0x0000000084800000| Untracked |  0
|  73|0x0000000084900000, 0x0000000084a00000, 0x0000000084a00000|100%| O|  |TAMS 0x0000000084900000| PB 0x0000000084900000| Untracked |  0
|  74|0x0000000084a00000, 0x0000000084a00000, 0x0000000084b00000|  0%| F|  |TAMS 0x0000000084a00000| PB 0x0000000084a00000| Untracked |  0
|  75|0x0000000084b00000, 0x0000000084c00000, 0x0000000084c00000|100%| O|  |TAMS 0x0000000084b00000| PB 0x0000000084b00000| Untracked |  0
|  76|0x0000000084c00000, 0x0000000084c00000, 0x0000000084d00000|  0%| F|  |TAMS 0x0000000084c00000| PB 0x0000000084c00000| Untracked |  0
|  77|0x0000000084d00000, 0x0000000084e00000, 0x0000000084e00000|100%| O|  |TAMS 0x0000000084d00000| PB 0x0000000084d00000| Untracked |  0
|  78|0x0000000084e00000, 0x0000000084f00000, 0x0000000084f00000|100%| O|  |TAMS 0x0000000084e00000| PB 0x0000000084e00000| Untracked |  0
|  79|0x0000000084f00000, 0x0000000085000000, 0x0000000085000000|100%| O|  |TAMS 0x0000000084f00000| PB 0x0000000084f00000| Untracked |  0
|  80|0x0000000085000000, 0x0000000085100000, 0x0000000085100000|100%| O|  |TAMS 0x0000000085000000| PB 0x0000000085000000| Untracked |  0
|  81|0x0000000085100000, 0x0000000085200000, 0x0000000085200000|100%| O|  |TAMS 0x0000000085100000| PB 0x0000000085100000| Untracked |  0
|  82|0x0000000085200000, 0x0000000085300000, 0x0000000085300000|100%| O|  |TAMS 0x0000000085200000| PB 0x0000000085200000| Untracked |  0
|  83|0x0000000085300000, 0x0000000085400000, 0x0000000085400000|100%| O|  |TAMS 0x0000000085300000| PB 0x0000000085300000| Untracked |  0
|  84|0x0000000085400000, 0x0000000085500000, 0x0000000085500000|100%| O|  |TAMS 0x0000000085400000| PB 0x0000000085400000| Untracked |  0
|  85|0x0000000085500000, 0x0000000085600000, 0x0000000085600000|100%| O|  |TAMS 0x0000000085500000| PB 0x0000000085500000| Untracked |  0
|  86|0x0000000085600000, 0x0000000085700000, 0x0000000085700000|100%| O|  |TAMS 0x0000000085600000| PB 0x0000000085600000| Untracked |  0
|  87|0x0000000085700000, 0x0000000085800000, 0x0000000085800000|100%| O|  |TAMS 0x0000000085700000| PB 0x0000000085700000| Untracked |  0
|  88|0x0000000085800000, 0x0000000085900000, 0x0000000085900000|100%| O|  |TAMS 0x0000000085800000| PB 0x0000000085800000| Untracked |  0
|  89|0x0000000085900000, 0x0000000085a00000, 0x0000000085a00000|100%| O|  |TAMS 0x0000000085900000| PB 0x0000000085900000| Untracked |  0
|  90|0x0000000085a00000, 0x0000000085b00000, 0x0000000085b00000|100%|HS|  |TAMS 0x0000000085a00000| PB 0x0000000085a00000| Complete |  0
|  91|0x0000000085b00000, 0x0000000085c00000, 0x0000000085c00000|100%|HS|  |TAMS 0x0000000085b00000| PB 0x0000000085b00000| Complete |  0
|  92|0x0000000085c00000, 0x0000000085d00000, 0x0000000085d00000|100%|HS|  |TAMS 0x0000000085c00000| PB 0x0000000085c00000| Complete |  0
|  93|0x0000000085d00000, 0x0000000085e00000, 0x0000000085e00000|100%|HS|  |TAMS 0x0000000085d00000| PB 0x0000000085d00000| Complete |  0
|  94|0x0000000085e00000, 0x0000000085f00000, 0x0000000085f00000|100%| O|  |TAMS 0x0000000085e00000| PB 0x0000000085e00000| Untracked |  0
|  95|0x0000000085f00000, 0x0000000086000000, 0x0000000086000000|100%| O|  |TAMS 0x0000000085f00000| PB 0x0000000085f00000| Untracked |  0
|  96|0x0000000086000000, 0x0000000086100000, 0x0000000086100000|100%|HS|  |TAMS 0x0000000086000000| PB 0x0000000086000000| Complete |  0
|  97|0x0000000086100000, 0x0000000086200000, 0x0000000086200000|100%| O|  |TAMS 0x0000000086100000| PB 0x0000000086100000| Untracked |  0
|  98|0x0000000086200000, 0x0000000086300000, 0x0000000086300000|100%| O|  |TAMS 0x0000000086200000| PB 0x0000000086200000| Untracked |  0
|  99|0x0000000086300000, 0x0000000086400000, 0x0000000086400000|100%| O|  |TAMS 0x0000000086300000| PB 0x0000000086300000| Untracked |  0
| 100|0x0000000086400000, 0x0000000086500000, 0x0000000086500000|100%|HS|  |TAMS 0x0000000086400000| PB 0x0000000086400000| Complete |  0
| 101|0x0000000086500000, 0x0000000086600000, 0x0000000086600000|100%| O|  |TAMS 0x0000000086500000| PB 0x0000000086500000| Untracked |  0
| 102|0x0000000086600000, 0x0000000086700000, 0x0000000086700000|100%| O|  |TAMS 0x0000000086600000| PB 0x0000000086600000| Untracked |  0
| 103|0x0000000086700000, 0x0000000086800000, 0x0000000086800000|100%| O|  |TAMS 0x0000000086700000| PB 0x0000000086700000| Untracked |  0
| 104|0x0000000086800000, 0x0000000086900000, 0x0000000086900000|100%| O|  |TAMS 0x0000000086800000| PB 0x0000000086800000| Untracked |  0
| 105|0x0000000086900000, 0x0000000086a00000, 0x0000000086a00000|100%| O|  |TAMS 0x0000000086900000| PB 0x0000000086900000| Untracked |  0
| 106|0x0000000086a00000, 0x0000000086b00000, 0x0000000086b00000|100%| O|  |TAMS 0x0000000086a00000| PB 0x0000000086a00000| Untracked |  0
| 107|0x0000000086b00000, 0x0000000086c00000, 0x0000000086c00000|100%| O|  |TAMS 0x0000000086b00000| PB 0x0000000086b00000| Untracked |  0
| 108|0x0000000086c00000, 0x0000000086d00000, 0x0000000086d00000|100%| O|  |TAMS 0x0000000086c00000| PB 0x0000000086c00000| Untracked |  0
| 109|0x0000000086d00000, 0x0000000086e00000, 0x0000000086e00000|100%|HS|  |TAMS 0x0000000086d00000| PB 0x0000000086d00000| Complete |  0
| 110|0x0000000086e00000, 0x0000000086f00000, 0x0000000086f00000|100%| O|  |TAMS 0x0000000086e00000| PB 0x0000000086e00000| Untracked |  0
| 111|0x0000000086f00000, 0x0000000086f00000, 0x0000000087000000|  0%| F|  |TAMS 0x0000000086f00000| PB 0x0000000086f00000| Untracked |  0
| 112|0x0000000087000000, 0x0000000087100000, 0x0000000087100000|100%|HS|  |TAMS 0x0000000087000000| PB 0x0000000087000000| Complete |  0
| 113|0x0000000087100000, 0x0000000087200000, 0x0000000087200000|100%|HC|  |TAMS 0x0000000087100000| PB 0x0000000087100000| Complete |  0
| 114|0x0000000087200000, 0x0000000087300000, 0x0000000087300000|100%|HC|  |TAMS 0x0000000087200000| PB 0x0000000087200000| Complete |  0
| 115|0x0000000087300000, 0x0000000087400000, 0x0000000087400000|100%| O|  |TAMS 0x0000000087300000| PB 0x0000000087300000| Untracked |  0
| 116|0x0000000087400000, 0x0000000087500000, 0x0000000087500000|100%| O|  |TAMS 0x0000000087400000| PB 0x0000000087400000| Untracked |  0
| 117|0x0000000087500000, 0x0000000087600000, 0x0000000087600000|100%| O|  |TAMS 0x0000000087500000| PB 0x0000000087500000| Untracked |  0
| 118|0x0000000087600000, 0x0000000087700000, 0x0000000087700000|100%| O|  |TAMS 0x0000000087600000| PB 0x0000000087600000| Untracked |  0
| 119|0x0000000087700000, 0x0000000087700000, 0x0000000087800000|  0%| F|  |TAMS 0x0000000087700000| PB 0x0000000087700000| Untracked |  0
| 120|0x0000000087800000, 0x0000000087900000, 0x0000000087900000|100%| O|  |TAMS 0x0000000087800000| PB 0x0000000087800000| Untracked |  0
| 121|0x0000000087900000, 0x0000000087a00000, 0x0000000087a00000|100%| O|  |TAMS 0x0000000087900000| PB 0x0000000087900000| Untracked |  0
| 122|0x0000000087a00000, 0x0000000087b00000, 0x0000000087b00000|100%| O|  |TAMS 0x0000000087a00000| PB 0x0000000087a00000| Untracked |  0
| 123|0x0000000087b00000, 0x0000000087c00000, 0x0000000087c00000|100%| O|  |TAMS 0x0000000087b00000| PB 0x0000000087b00000| Untracked |  0
| 124|0x0000000087c00000, 0x0000000087d00000, 0x0000000087d00000|100%| O|  |TAMS 0x0000000087c00000| PB 0x0000000087c00000| Untracked |  0
| 125|0x0000000087d00000, 0x0000000087e00000, 0x0000000087e00000|100%| O|  |TAMS 0x0000000087d00000| PB 0x0000000087d00000| Untracked |  0
| 126|0x0000000087e00000, 0x0000000087f00000, 0x0000000087f00000|100%| O|  |TAMS 0x0000000087e00000| PB 0x0000000087e00000| Untracked |  0
| 127|0x0000000087f00000, 0x0000000088000000, 0x0000000088000000|100%| O|  |TAMS 0x0000000087f00000| PB 0x0000000087f00000| Untracked |  0
| 128|0x0000000088000000, 0x0000000088100000, 0x0000000088100000|100%| O|  |TAMS 0x0000000088000000| PB 0x0000000088000000| Untracked |  0
| 129|0x0000000088100000, 0x0000000088200000, 0x0000000088200000|100%| O|  |TAMS 0x0000000088100000| PB 0x0000000088100000| Untracked |  0
| 130|0x0000000088200000, 0x0000000088300000, 0x0000000088300000|100%| O|  |TAMS 0x0000000088200000| PB 0x0000000088200000| Untracked |  0
| 131|0x0000000088300000, 0x0000000088400000, 0x0000000088400000|100%| O|  |TAMS 0x0000000088300000| PB 0x0000000088300000| Untracked |  0
| 132|0x0000000088400000, 0x0000000088500000, 0x0000000088500000|100%| O|  |TAMS 0x0000000088400000| PB 0x0000000088400000| Untracked |  0
| 133|0x0000000088500000, 0x0000000088600000, 0x0000000088600000|100%| O|  |TAMS 0x0000000088500000| PB 0x0000000088500000| Untracked |  0
| 134|0x0000000088600000, 0x0000000088700000, 0x0000000088700000|100%| O|  |TAMS 0x0000000088600000| PB 0x0000000088600000| Untracked |  0
| 135|0x0000000088700000, 0x0000000088800000, 0x0000000088800000|100%| O|  |TAMS 0x0000000088700000| PB 0x0000000088700000| Untracked |  0
| 136|0x0000000088800000, 0x0000000088800000, 0x0000000088900000|  0%| F|  |TAMS 0x0000000088800000| PB 0x0000000088800000| Untracked |  0
| 137|0x0000000088900000, 0x0000000088a00000, 0x0000000088a00000|100%| O|  |TAMS 0x0000000088900000| PB 0x0000000088900000| Untracked |  0
| 138|0x0000000088a00000, 0x0000000088b00000, 0x0000000088b00000|100%| O|  |TAMS 0x0000000088a00000| PB 0x0000000088a00000| Untracked |  0
| 139|0x0000000088b00000, 0x0000000088c00000, 0x0000000088c00000|100%| O|  |TAMS 0x0000000088b00000| PB 0x0000000088b00000| Untracked |  0
| 140|0x0000000088c00000, 0x0000000088d00000, 0x0000000088d00000|100%| O|  |TAMS 0x0000000088c00000| PB 0x0000000088c00000| Untracked |  0
| 141|0x0000000088d00000, 0x0000000088e00000, 0x0000000088e00000|100%| O|  |TAMS 0x0000000088d00000| PB 0x0000000088d00000| Untracked |  0
| 142|0x0000000088e00000, 0x0000000088f00000, 0x0000000088f00000|100%| O|  |TAMS 0x0000000088e00000| PB 0x0000000088e00000| Untracked |  0
| 143|0x0000000088f00000, 0x0000000089000000, 0x0000000089000000|100%| O|  |TAMS 0x0000000088f00000| PB 0x0000000088f00000| Untracked |  0
| 144|0x0000000089000000, 0x0000000089100000, 0x0000000089100000|100%| O|  |TAMS 0x0000000089000000| PB 0x0000000089000000| Untracked |  0
| 145|0x0000000089100000, 0x0000000089200000, 0x0000000089200000|100%| O|  |TAMS 0x0000000089100000| PB 0x0000000089100000| Untracked |  0
| 146|0x0000000089200000, 0x0000000089300000, 0x0000000089300000|100%| O|  |TAMS 0x0000000089200000| PB 0x0000000089200000| Untracked |  0
| 147|0x0000000089300000, 0x0000000089400000, 0x0000000089400000|100%| O|  |TAMS 0x0000000089300000| PB 0x0000000089300000| Untracked |  0
| 148|0x0000000089400000, 0x0000000089500000, 0x0000000089500000|100%| O|  |TAMS 0x0000000089400000| PB 0x0000000089400000| Untracked |  0
| 149|0x0000000089500000, 0x0000000089600000, 0x0000000089600000|100%| O|  |TAMS 0x0000000089500000| PB 0x0000000089500000| Untracked |  0
| 150|0x0000000089600000, 0x0000000089700000, 0x0000000089700000|100%| O|  |TAMS 0x0000000089600000| PB 0x0000000089600000| Untracked |  0
| 151|0x0000000089700000, 0x0000000089800000, 0x0000000089800000|100%| O|  |TAMS 0x0000000089700000| PB 0x0000000089700000| Untracked |  0
| 152|0x0000000089800000, 0x0000000089900000, 0x0000000089900000|100%| O|  |TAMS 0x0000000089800000| PB 0x0000000089800000| Untracked |  0
| 153|0x0000000089900000, 0x0000000089a00000, 0x0000000089a00000|100%| O|  |TAMS 0x0000000089900000| PB 0x0000000089900000| Untracked |  0
| 154|0x0000000089a00000, 0x0000000089b00000, 0x0000000089b00000|100%| O|  |TAMS 0x0000000089a00000| PB 0x0000000089a00000| Untracked |  0
| 155|0x0000000089b00000, 0x0000000089c00000, 0x0000000089c00000|100%| O|  |TAMS 0x0000000089b00000| PB 0x0000000089b00000| Untracked |  0
| 156|0x0000000089c00000, 0x0000000089d00000, 0x0000000089d00000|100%| O|  |TAMS 0x0000000089c00000| PB 0x0000000089c00000| Untracked |  0
| 157|0x0000000089d00000, 0x0000000089e00000, 0x0000000089e00000|100%| O|  |TAMS 0x0000000089d00000| PB 0x0000000089d00000| Untracked |  0
| 158|0x0000000089e00000, 0x0000000089f00000, 0x0000000089f00000|100%| O|  |TAMS 0x0000000089e00000| PB 0x0000000089e00000| Untracked |  0
| 159|0x0000000089f00000, 0x000000008a000000, 0x000000008a000000|100%| O|  |TAMS 0x0000000089f00000| PB 0x0000000089f00000| Untracked |  0
| 160|0x000000008a000000, 0x000000008a100000, 0x000000008a100000|100%| O|  |TAMS 0x000000008a000000| PB 0x000000008a000000| Untracked |  0
| 161|0x000000008a100000, 0x000000008a200000, 0x000000008a200000|100%| O|  |TAMS 0x000000008a100000| PB 0x000000008a100000| Untracked |  0
| 162|0x000000008a200000, 0x000000008a2f6a20, 0x000000008a300000| 96%| O|  |TAMS 0x000000008a200000| PB 0x000000008a200000| Untracked |  0
| 163|0x000000008a300000, 0x000000008a300000, 0x000000008a400000|  0%| F|  |TAMS 0x000000008a300000| PB 0x000000008a300000| Untracked |  0
| 164|0x000000008a400000, 0x000000008a400000, 0x000000008a500000|  0%| F|  |TAMS 0x000000008a400000| PB 0x000000008a400000| Untracked |  0
| 165|0x000000008a500000, 0x000000008a500000, 0x000000008a600000|  0%| F|  |TAMS 0x000000008a500000| PB 0x000000008a500000| Untracked |  0
| 166|0x000000008a600000, 0x000000008a600000, 0x000000008a700000|  0%| F|  |TAMS 0x000000008a600000| PB 0x000000008a600000| Untracked |  0
| 167|0x000000008a700000, 0x000000008a700000, 0x000000008a800000|  0%| F|  |TAMS 0x000000008a700000| PB 0x000000008a700000| Untracked |  0
| 168|0x000000008a800000, 0x000000008a800000, 0x000000008a900000|  0%| F|  |TAMS 0x000000008a800000| PB 0x000000008a800000| Untracked |  0
| 169|0x000000008a900000, 0x000000008a900000, 0x000000008aa00000|  0%| F|  |TAMS 0x000000008a900000| PB 0x000000008a900000| Untracked |  0
| 170|0x000000008aa00000, 0x000000008ab00000, 0x000000008ab00000|100%| S|CS|TAMS 0x000000008aa00000| PB 0x000000008aa00000| Complete |  0
| 171|0x000000008ab00000, 0x000000008ac00000, 0x000000008ac00000|100%| S|CS|TAMS 0x000000008ab00000| PB 0x000000008ab00000| Complete |  0
| 172|0x000000008ac00000, 0x000000008ad00000, 0x000000008ad00000|100%| S|CS|TAMS 0x000000008ac00000| PB 0x000000008ac00000| Complete |  0
| 173|0x000000008ad00000, 0x000000008ae00000, 0x000000008ae00000|100%| S|CS|TAMS 0x000000008ad00000| PB 0x000000008ad00000| Complete |  0
| 174|0x000000008ae00000, 0x000000008ae00000, 0x000000008af00000|  0%| F|  |TAMS 0x000000008ae00000| PB 0x000000008ae00000| Untracked |  0
| 175|0x000000008af00000, 0x000000008af00000, 0x000000008b000000|  0%| F|  |TAMS 0x000000008af00000| PB 0x000000008af00000| Untracked |  0
| 176|0x000000008b000000, 0x000000008b000000, 0x000000008b100000|  0%| F|  |TAMS 0x000000008b000000| PB 0x000000008b000000| Untracked |  0
| 177|0x000000008b100000, 0x000000008b100000, 0x000000008b200000|  0%| F|  |TAMS 0x000000008b100000| PB 0x000000008b100000| Untracked |  0
| 178|0x000000008b200000, 0x000000008b200000, 0x000000008b300000|  0%| F|  |TAMS 0x000000008b200000| PB 0x000000008b200000| Untracked |  0
| 179|0x000000008b300000, 0x000000008b300000, 0x000000008b400000|  0%| F|  |TAMS 0x000000008b300000| PB 0x000000008b300000| Untracked |  0
| 180|0x000000008b400000, 0x000000008b400000, 0x000000008b500000|  0%| F|  |TAMS 0x000000008b400000| PB 0x000000008b400000| Untracked |  0
| 181|0x000000008b500000, 0x000000008b600000, 0x000000008b600000|100%| S|CS|TAMS 0x000000008b500000| PB 0x000000008b500000| Complete |  0
| 182|0x000000008b600000, 0x000000008b600000, 0x000000008b700000|  0%| F|  |TAMS 0x000000008b600000| PB 0x000000008b600000| Untracked |  0
| 183|0x000000008b700000, 0x000000008b700000, 0x000000008b800000|  0%| F|  |TAMS 0x000000008b700000| PB 0x000000008b700000| Untracked |  0
| 184|0x000000008b800000, 0x000000008b800000, 0x000000008b900000|  0%| F|  |TAMS 0x000000008b800000| PB 0x000000008b800000| Untracked |  0
| 185|0x000000008b900000, 0x000000008b900000, 0x000000008ba00000|  0%| F|  |TAMS 0x000000008b900000| PB 0x000000008b900000| Untracked |  0
| 186|0x000000008ba00000, 0x000000008ba00000, 0x000000008bb00000|  0%| F|  |TAMS 0x000000008ba00000| PB 0x000000008ba00000| Untracked |  0
| 187|0x000000008bb00000, 0x000000008bb00000, 0x000000008bc00000|  0%| F|  |TAMS 0x000000008bb00000| PB 0x000000008bb00000| Untracked |  0
| 188|0x000000008bc00000, 0x000000008bc00000, 0x000000008bd00000|  0%| F|  |TAMS 0x000000008bc00000| PB 0x000000008bc00000| Untracked |  0
| 189|0x000000008bd00000, 0x000000008bd00000, 0x000000008be00000|  0%| F|  |TAMS 0x000000008bd00000| PB 0x000000008bd00000| Untracked |  0
| 190|0x000000008be00000, 0x000000008be00000, 0x000000008bf00000|  0%| F|  |TAMS 0x000000008be00000| PB 0x000000008be00000| Untracked |  0
| 191|0x000000008bf00000, 0x000000008bf00000, 0x000000008c000000|  0%| F|  |TAMS 0x000000008bf00000| PB 0x000000008bf00000| Untracked |  0
| 192|0x000000008c000000, 0x000000008c000000, 0x000000008c100000|  0%| F|  |TAMS 0x000000008c000000| PB 0x000000008c000000| Untracked |  0
| 193|0x000000008c100000, 0x000000008c100000, 0x000000008c200000|  0%| F|  |TAMS 0x000000008c100000| PB 0x000000008c100000| Untracked |  0
| 194|0x000000008c200000, 0x000000008c200000, 0x000000008c300000|  0%| F|  |TAMS 0x000000008c200000| PB 0x000000008c200000| Untracked |  0
| 195|0x000000008c300000, 0x000000008c300000, 0x000000008c400000|  0%| F|  |TAMS 0x000000008c300000| PB 0x000000008c300000| Untracked |  0
| 196|0x000000008c400000, 0x000000008c400000, 0x000000008c500000|  0%| F|  |TAMS 0x000000008c400000| PB 0x000000008c400000| Untracked |  0
| 197|0x000000008c500000, 0x000000008c500000, 0x000000008c600000|  0%| F|  |TAMS 0x000000008c500000| PB 0x000000008c500000| Untracked |  0
| 198|0x000000008c600000, 0x000000008c600000, 0x000000008c700000|  0%| F|  |TAMS 0x000000008c600000| PB 0x000000008c600000| Untracked |  0
| 199|0x000000008c700000, 0x000000008c700000, 0x000000008c800000|  0%| F|  |TAMS 0x000000008c700000| PB 0x000000008c700000| Untracked |  0
| 200|0x000000008c800000, 0x000000008c800000, 0x000000008c900000|  0%| F|  |TAMS 0x000000008c800000| PB 0x000000008c800000| Untracked |  0
| 201|0x000000008c900000, 0x000000008c900000, 0x000000008ca00000|  0%| F|  |TAMS 0x000000008c900000| PB 0x000000008c900000| Untracked |  0
| 202|0x000000008ca00000, 0x000000008ca00000, 0x000000008cb00000|  0%| F|  |TAMS 0x000000008ca00000| PB 0x000000008ca00000| Untracked |  0
| 203|0x000000008cb00000, 0x000000008cb00000, 0x000000008cc00000|  0%| F|  |TAMS 0x000000008cb00000| PB 0x000000008cb00000| Untracked |  0
| 204|0x000000008cc00000, 0x000000008cc00000, 0x000000008cd00000|  0%| F|  |TAMS 0x000000008cc00000| PB 0x000000008cc00000| Untracked |  0
| 205|0x000000008cd00000, 0x000000008cd00000, 0x000000008ce00000|  0%| F|  |TAMS 0x000000008cd00000| PB 0x000000008cd00000| Untracked |  0
| 206|0x000000008ce00000, 0x000000008ce58ad8, 0x000000008cf00000| 34%| E|  |TAMS 0x000000008ce00000| PB 0x000000008ce00000| Complete |  0
| 207|0x000000008cf00000, 0x000000008d000000, 0x000000008d000000|100%| E|CS|TAMS 0x000000008cf00000| PB 0x000000008cf00000| Complete |  0
| 208|0x000000008d000000, 0x000000008d100000, 0x000000008d100000|100%| E|  |TAMS 0x000000008d000000| PB 0x000000008d000000| Complete |  0
| 209|0x000000008d100000, 0x000000008d200000, 0x000000008d200000|100%| E|CS|TAMS 0x000000008d100000| PB 0x000000008d100000| Complete |  0
| 210|0x000000008d200000, 0x000000008d300000, 0x000000008d300000|100%| E|CS|TAMS 0x000000008d200000| PB 0x000000008d200000| Complete |  0
| 211|0x000000008d300000, 0x000000008d400000, 0x000000008d400000|100%| E|CS|TAMS 0x000000008d300000| PB 0x000000008d300000| Complete |  0
| 212|0x000000008d400000, 0x000000008d500000, 0x000000008d500000|100%| E|CS|TAMS 0x000000008d400000| PB 0x000000008d400000| Complete |  0
| 213|0x000000008d500000, 0x000000008d600000, 0x000000008d600000|100%| E|CS|TAMS 0x000000008d500000| PB 0x000000008d500000| Complete |  0
| 214|0x000000008d600000, 0x000000008d700000, 0x000000008d700000|100%| E|CS|TAMS 0x000000008d600000| PB 0x000000008d600000| Complete |  0
| 215|0x000000008d700000, 0x000000008d800000, 0x000000008d800000|100%| E|CS|TAMS 0x000000008d700000| PB 0x000000008d700000| Complete |  0
| 216|0x000000008d800000, 0x000000008d900000, 0x000000008d900000|100%| E|CS|TAMS 0x000000008d800000| PB 0x000000008d800000| Complete |  0
| 217|0x000000008d900000, 0x000000008da00000, 0x000000008da00000|100%| E|CS|TAMS 0x000000008d900000| PB 0x000000008d900000| Complete |  0
| 218|0x000000008da00000, 0x000000008db00000, 0x000000008db00000|100%| E|CS|TAMS 0x000000008da00000| PB 0x000000008da00000| Complete |  0
| 219|0x000000008db00000, 0x000000008dc00000, 0x000000008dc00000|100%| E|CS|TAMS 0x000000008db00000| PB 0x000000008db00000| Complete |  0
| 220|0x000000008dc00000, 0x000000008dd00000, 0x000000008dd00000|100%| E|CS|TAMS 0x000000008dc00000| PB 0x000000008dc00000| Complete |  0
| 221|0x000000008dd00000, 0x000000008de00000, 0x000000008de00000|100%| E|CS|TAMS 0x000000008dd00000| PB 0x000000008dd00000| Complete |  0
| 222|0x000000008de00000, 0x000000008df00000, 0x000000008df00000|100%| E|CS|TAMS 0x000000008de00000| PB 0x000000008de00000| Complete |  0
| 223|0x000000008df00000, 0x000000008e000000, 0x000000008e000000|100%| E|CS|TAMS 0x000000008df00000| PB 0x000000008df00000| Complete |  0
| 224|0x000000008e000000, 0x000000008e100000, 0x000000008e100000|100%| E|CS|TAMS 0x000000008e000000| PB 0x000000008e000000| Complete |  0
| 225|0x000000008e100000, 0x000000008e200000, 0x000000008e200000|100%| E|CS|TAMS 0x000000008e100000| PB 0x000000008e100000| Complete |  0
| 226|0x000000008e200000, 0x000000008e300000, 0x000000008e300000|100%| E|CS|TAMS 0x000000008e200000| PB 0x000000008e200000| Complete |  0
| 227|0x000000008e300000, 0x000000008e400000, 0x000000008e400000|100%| E|CS|TAMS 0x000000008e300000| PB 0x000000008e300000| Complete |  0
| 228|0x000000008e400000, 0x000000008e500000, 0x000000008e500000|100%| E|CS|TAMS 0x000000008e400000| PB 0x000000008e400000| Complete |  0
| 229|0x000000008e500000, 0x000000008e600000, 0x000000008e600000|100%| E|CS|TAMS 0x000000008e500000| PB 0x000000008e500000| Complete |  0
| 230|0x000000008e600000, 0x000000008e700000, 0x000000008e700000|100%| E|CS|TAMS 0x000000008e600000| PB 0x000000008e600000| Complete |  0
| 231|0x000000008e700000, 0x000000008e800000, 0x000000008e800000|100%| E|CS|TAMS 0x000000008e700000| PB 0x000000008e700000| Complete |  0
| 232|0x000000008e800000, 0x000000008e900000, 0x000000008e900000|100%| E|CS|TAMS 0x000000008e800000| PB 0x000000008e800000| Complete |  0
| 233|0x000000008e900000, 0x000000008ea00000, 0x000000008ea00000|100%| E|CS|TAMS 0x000000008e900000| PB 0x000000008e900000| Complete |  0
| 234|0x000000008ea00000, 0x000000008eb00000, 0x000000008eb00000|100%| E|CS|TAMS 0x000000008ea00000| PB 0x000000008ea00000| Complete |  0
| 235|0x000000008eb00000, 0x000000008ec00000, 0x000000008ec00000|100%| E|CS|TAMS 0x000000008eb00000| PB 0x000000008eb00000| Complete |  0
| 236|0x000000008ec00000, 0x000000008ed00000, 0x000000008ed00000|100%| E|CS|TAMS 0x000000008ec00000| PB 0x000000008ec00000| Complete |  0
| 237|0x000000008ed00000, 0x000000008ee00000, 0x000000008ee00000|100%| E|CS|TAMS 0x000000008ed00000| PB 0x000000008ed00000| Complete |  0
| 238|0x000000008ee00000, 0x000000008ef00000, 0x000000008ef00000|100%| E|CS|TAMS 0x000000008ee00000| PB 0x000000008ee00000| Complete |  0
| 239|0x000000008ef00000, 0x000000008f000000, 0x000000008f000000|100%| E|CS|TAMS 0x000000008ef00000| PB 0x000000008ef00000| Complete |  0
| 240|0x000000008f000000, 0x000000008f100000, 0x000000008f100000|100%| E|CS|TAMS 0x000000008f000000| PB 0x000000008f000000| Complete |  0
| 241|0x000000008f100000, 0x000000008f200000, 0x000000008f200000|100%| E|CS|TAMS 0x000000008f100000| PB 0x000000008f100000| Complete |  0
| 242|0x000000008f200000, 0x000000008f300000, 0x000000008f300000|100%| E|CS|TAMS 0x000000008f200000| PB 0x000000008f200000| Complete |  0
| 243|0x000000008f300000, 0x000000008f400000, 0x000000008f400000|100%| E|CS|TAMS 0x000000008f300000| PB 0x000000008f300000| Complete |  0
| 244|0x000000008f400000, 0x000000008f500000, 0x000000008f500000|100%| E|CS|TAMS 0x000000008f400000| PB 0x000000008f400000| Complete |  0
| 245|0x000000008f500000, 0x000000008f600000, 0x000000008f600000|100%| E|CS|TAMS 0x000000008f500000| PB 0x000000008f500000| Complete |  0
| 246|0x000000008f600000, 0x000000008f700000, 0x000000008f700000|100%| E|CS|TAMS 0x000000008f600000| PB 0x000000008f600000| Complete |  0
| 247|0x000000008f700000, 0x000000008f800000, 0x000000008f800000|100%| E|CS|TAMS 0x000000008f700000| PB 0x000000008f700000| Complete |  0
| 248|0x000000008f800000, 0x000000008f900000, 0x000000008f900000|100%| E|CS|TAMS 0x000000008f800000| PB 0x000000008f800000| Complete |  0
| 249|0x000000008f900000, 0x000000008fa00000, 0x000000008fa00000|100%| E|CS|TAMS 0x000000008f900000| PB 0x000000008f900000| Complete |  0
| 250|0x000000008fa00000, 0x000000008fb00000, 0x000000008fb00000|100%| E|CS|TAMS 0x000000008fa00000| PB 0x000000008fa00000| Complete |  0
| 251|0x000000008fb00000, 0x000000008fc00000, 0x000000008fc00000|100%| E|CS|TAMS 0x000000008fb00000| PB 0x000000008fb00000| Complete |  0
| 252|0x000000008fc00000, 0x000000008fd00000, 0x000000008fd00000|100%| E|CS|TAMS 0x000000008fc00000| PB 0x000000008fc00000| Complete |  0
|2044|0x00000000ffc00000, 0x00000000ffd00000, 0x00000000ffd00000|100%| E|CS|TAMS 0x00000000ffc00000| PB 0x00000000ffc00000| Complete |  0
|2045|0x00000000ffd00000, 0x00000000ffe00000, 0x00000000ffe00000|100%| E|CS|TAMS 0x00000000ffd00000| PB 0x00000000ffd00000| Complete |  0
|2046|0x00000000ffe00000, 0x00000000fff00000, 0x00000000fff00000|100%| O|  |TAMS 0x00000000ffe00000| PB 0x00000000ffe00000| Untracked |  0
|2047|0x00000000fff00000, 0x0000000100000000, 0x0000000100000000|100%| E|CS|TAMS 0x00000000fff00000| PB 0x00000000fff00000| Complete |  0

Card table byte_map: [0x000001a66a360000,0x000001a66a760000] _byte_map_base: 0x000001a669f60000

Marking Bits: (CMBitMap*) 0x000001a6520bb2a0
 Bits: [0x000001a66a760000, 0x000001a66c760000)

Polling page: 0x000001a64fef0000

Metaspace:

Usage:
  Non-class:    104.29 MB used.
      Class:     13.28 MB used.
       Both:    117.56 MB used.

Virtual space:
  Non-class space:      128.00 MB reserved,     105.75 MB ( 83%) committed,  2 nodes.
      Class space:      416.00 MB reserved,      14.50 MB (  3%) committed,  1 nodes.
             Both:      544.00 MB reserved,     120.25 MB ( 22%) committed. 

Chunk freelists:
   Non-Class:  6.11 MB
       Class:  1.45 MB
        Both:  7.56 MB

MaxMetaspaceSize: 512.00 MB
CompressedClassSpaceSize: 416.00 MB
Initial GC threshold: 21.00 MB
Current GC threshold: 199.38 MB
CDS: on
 - commit_granule_bytes: 65536.
 - commit_granule_words: 8192.
 - virtual_space_node_default_size: 8388608.
 - enlarge_chunks_in_place: 1.
UseCompressedClassPointers 1, UseCompactObjectHeaders 0
Narrow klass pointer bits 32, Max shift 3
Narrow klass base: 0x000001a600000000, Narrow klass shift: 0
Encoding Range: [0x000001a600000000 - 0x000001a700000000), (4294967296 bytes)
Klass Range:    [0x000001a600000000 - 0x000001a61b000000), (452984832 bytes)
Klass ID Range:  [8 - 452984825) (452984817)


Internal statistics:

num_allocs_failed_limit: 12.
num_arena_births: 4646.
num_arena_deaths: 134.
num_vsnodes_births: 3.
num_vsnodes_deaths: 0.
num_space_committed: 1924.
num_space_uncommitted: 0.
num_chunks_returned_to_freelist: 211.
num_chunks_taken_from_freelist: 9948.
num_chunk_merges: 74.
num_chunk_splits: 6548.
num_chunks_enlarged: 4305.
num_inconsistent_stats: 0.

CodeHeap 'non-profiled nmethods': size=120064Kb used=9709Kb max_used=9709Kb free=110355Kb
 bounds [0x000001a6623c0000, 0x000001a662d40000, 0x000001a669900000]
CodeHeap 'profiled nmethods': size=120000Kb used=26995Kb max_used=26995Kb free=93005Kb
 bounds [0x000001a65a900000, 0x000001a65c360000, 0x000001a661e30000]
CodeHeap 'non-nmethods': size=5696Kb used=3039Kb max_used=3183Kb free=2656Kb
 bounds [0x000001a661e30000, 0x000001a662150000, 0x000001a6623c0000]
CodeCache: size=245760Kb, used=39743Kb, max_used=39887Kb, free=206016Kb
 total_blobs=18492, nmethods=17436, adapters=959, full_count=0
Compilation: enabled, stopped_count=0, restarted_count=0

Compilation events (20 events):
Event: 1701.665 Thread 0x000001a66ec08650 nmethod 20846 0x000001a662d39188 code [0x000001a662d392c0, 0x000001a662d39e98]
Event: 1701.665 Thread 0x000001a66ec08650 20849       4       java.math.BigInteger::montReduce (99 bytes)
Event: 1701.680 Thread 0x000001a66ec08650 nmethod 20849 0x000001a662d39f08 code [0x000001a662d3a060, 0x000001a662d3aa88]
Event: 1701.709 Thread 0x000001a66ec0b720 20851   !   3       java.io.ObjectStreamClass::getInheritableMethod (121 bytes)
Event: 1701.711 Thread 0x000001a66ec0b720 nmethod 20851 0x000001a65c352f08 code [0x000001a65c353100, 0x000001a65c354040]
Event: 1701.736 Thread 0x000001a66ec0b720 20852       3       org.gradle.launcher.daemon.registry.DaemonStopEvent$Serializer::read (6 bytes)
Event: 1701.740 Thread 0x000001a66ec0b720 nmethod 20852 0x000001a65c354108 code [0x000001a65c354220, 0x000001a65c354358]
Event: 1701.740 Thread 0x000001a66ec0b720 20853       3       org.gradle.launcher.daemon.registry.DaemonStopEvent$Serializer::read (73 bytes)
Event: 1701.745 Thread 0x000001a66ec0b720 nmethod 20853 0x000001a65c354408 code [0x000001a65c3545e0, 0x000001a65c355170]
Event: 1701.745 Thread 0x000001a66ec0b720 20854       3       org.gradle.launcher.daemon.registry.DaemonStopEvent::<init> (26 bytes)
Event: 1701.745 Thread 0x000001a66ec0b720 nmethod 20854 0x000001a65c355208 code [0x000001a65c355320, 0x000001a65c3555f0]
Event: 1701.839 Thread 0x000001a66ec08650 20855       4       java.math.BigInteger::montReduce (99 bytes)
Event: 1701.841 Thread 0x000001a66ec0b720 20856   !   3       sun.security.x509.AlgorithmId::getName (140 bytes)
Event: 1701.847 Thread 0x000001a66ec0b720 nmethod 20856 0x000001a65c355688 code [0x000001a65c355900, 0x000001a65c356a88]
Event: 1701.847 Thread 0x000001a66ec0b720 20859       3       sun.security.provider.DigestBase::engineReset (33 bytes)
Event: 1701.847 Thread 0x000001a66ec0b720 nmethod 20859 0x000001a65c356b08 code [0x000001a65c356c40, 0x000001a65c356ec0]
Event: 1701.847 Thread 0x000001a66ec0b720 20857       3       java.math.BigInteger::equals (78 bytes)
Event: 1701.848 Thread 0x000001a66ec0b720 nmethod 20857 0x000001a65c356f08 code [0x000001a65c357060, 0x000001a65c357520]
Event: 1701.848 Thread 0x000001a66ec0b720 20860       1       sun.security.provider.certpath.X509CertPath::getCertificates (5 bytes)
Event: 1701.848 Thread 0x000001a66ec0b720 nmethod 20860 0x000001a662d3ab08 code [0x000001a662d3ac00, 0x000001a662d3acc8]

GC Heap History (20 events):
Event: 30.873 GC heap before
{Heap before GC invocations=55 (full 0):
 garbage-first heap   total reserved 2097152K, committed 222208K, used 202351K [0x0000000080000000, 0x0000000100000000)
  region size 1024K, 73 young (74752K), 6 survivors (6144K)
 Metaspace       used 116706K, committed 119296K, reserved 557056K
  class space    used 13253K, committed 14464K, reserved 425984K
}
Event: 30.881 GC heap after
{Heap after GC invocations=56 (full 0):
 garbage-first heap   total reserved 2097152K, committed 222208K, used 136045K [0x0000000080000000, 0x0000000100000000)
  region size 1024K, 8 young (8192K), 8 survivors (8192K)
 Metaspace       used 116706K, committed 119296K, reserved 557056K
  class space    used 13253K, committed 14464K, reserved 425984K
}
Event: 34.658 GC heap before
{Heap before GC invocations=56 (full 0):
 garbage-first heap   total reserved 2097152K, committed 222208K, used 201581K [0x0000000080000000, 0x0000000100000000)
  region size 1024K, 72 young (73728K), 8 survivors (8192K)
 Metaspace       used 117957K, committed 120512K, reserved 557056K
  class space    used 13442K, committed 14592K, reserved 425984K
}
Event: 34.668 GC heap after
{Heap after GC invocations=57 (full 0):
 garbage-first heap   total reserved 2097152K, committed 222208K, used 138419K [0x0000000080000000, 0x0000000100000000)
  region size 1024K, 7 young (7168K), 7 survivors (7168K)
 Metaspace       used 117957K, committed 120512K, reserved 557056K
  class space    used 13442K, committed 14592K, reserved 425984K
}
Event: 35.725 GC heap before
{Heap before GC invocations=58 (full 0):
 garbage-first heap   total reserved 2097152K, committed 232448K, used 200883K [0x0000000080000000, 0x0000000100000000)
  region size 1024K, 69 young (70656K), 7 survivors (7168K)
 Metaspace       used 118372K, committed 120960K, reserved 557056K
  class space    used 13491K, committed 14656K, reserved 425984K
}
Event: 35.735 GC heap after
{Heap after GC invocations=59 (full 0):
 garbage-first heap   total reserved 2097152K, committed 232448K, used 143490K [0x0000000080000000, 0x0000000100000000)
  region size 1024K, 8 young (8192K), 8 survivors (8192K)
 Metaspace       used 118372K, committed 120960K, reserved 557056K
  class space    used 13491K, committed 14656K, reserved 425984K
}
Event: 37.353 GC heap before
{Heap before GC invocations=59 (full 0):
 garbage-first heap   total reserved 2097152K, committed 232448K, used 212098K [0x0000000080000000, 0x0000000100000000)
  region size 1024K, 74 young (75776K), 8 survivors (8192K)
 Metaspace       used 118830K, committed 121536K, reserved 557056K
  class space    used 13524K, committed 14720K, reserved 425984K
}
Event: 37.370 GC heap after
{Heap after GC invocations=60 (full 0):
 garbage-first heap   total reserved 2097152K, committed 232448K, used 148471K [0x0000000080000000, 0x0000000100000000)
  region size 1024K, 10 young (10240K), 10 survivors (10240K)
 Metaspace       used 118830K, committed 121536K, reserved 557056K
  class space    used 13524K, committed 14720K, reserved 425984K
}
Event: 37.984 GC heap before
{Heap before GC invocations=60 (full 0):
 garbage-first heap   total reserved 2097152K, committed 232448K, used 209911K [0x0000000080000000, 0x0000000100000000)
  region size 1024K, 70 young (71680K), 10 survivors (10240K)
 Metaspace       used 119060K, committed 121792K, reserved 557056K
  class space    used 13543K, committed 14784K, reserved 425984K
}
Event: 37.996 GC heap after
{Heap after GC invocations=61 (full 0):
 garbage-first heap   total reserved 2097152K, committed 232448K, used 154421K [0x0000000080000000, 0x0000000100000000)
  region size 1024K, 6 young (6144K), 6 survivors (6144K)
 Metaspace       used 119060K, committed 121792K, reserved 557056K
  class space    used 13543K, committed 14784K, reserved 425984K
}
Event: 38.981 GC heap before
{Heap before GC invocations=62 (full 0):
 garbage-first heap   total reserved 2097152K, committed 260096K, used 209717K [0x0000000080000000, 0x0000000100000000)
  region size 1024K, 61 young (62464K), 6 survivors (6144K)
 Metaspace       used 119243K, committed 121984K, reserved 557056K
  class space    used 13553K, committed 14784K, reserved 425984K
}
Event: 38.990 GC heap after
{Heap after GC invocations=63 (full 0):
 garbage-first heap   total reserved 2097152K, committed 260096K, used 159180K [0x0000000080000000, 0x0000000100000000)
  region size 1024K, 6 young (6144K), 6 survivors (6144K)
 Metaspace       used 119243K, committed 121984K, reserved 557056K
  class space    used 13553K, committed 14784K, reserved 425984K
}
Event: 41.259 GC heap before
{Heap before GC invocations=63 (full 0):
 garbage-first heap   total reserved 2097152K, committed 260096K, used 238028K [0x0000000080000000, 0x0000000100000000)
  region size 1024K, 83 young (84992K), 6 survivors (6144K)
 Metaspace       used 119395K, committed 122048K, reserved 557056K
  class space    used 13567K, committed 14784K, reserved 425984K
}
Event: 41.274 GC heap after
{Heap after GC invocations=64 (full 0):
 garbage-first heap   total reserved 2097152K, committed 260096K, used 148618K [0x0000000080000000, 0x0000000100000000)
  region size 1024K, 8 young (8192K), 8 survivors (8192K)
 Metaspace       used 119395K, committed 122048K, reserved 557056K
  class space    used 13567K, committed 14784K, reserved 425984K
}
Event: 42.612 GC heap before
{Heap before GC invocations=64 (full 0):
 garbage-first heap   total reserved 2097152K, committed 260096K, used 228490K [0x0000000080000000, 0x0000000100000000)
  region size 1024K, 87 young (89088K), 8 survivors (8192K)
 Metaspace       used 119754K, committed 122496K, reserved 557056K
  class space    used 13572K, committed 14784K, reserved 425984K
}
Event: 42.634 GC heap after
{Heap after GC invocations=65 (full 0):
 garbage-first heap   total reserved 2097152K, committed 260096K, used 157262K [0x0000000080000000, 0x0000000100000000)
  region size 1024K, 11 young (11264K), 11 survivors (11264K)
 Metaspace       used 119754K, committed 122496K, reserved 557056K
  class space    used 13572K, committed 14784K, reserved 425984K
}
Event: 44.429 GC heap before
{Heap before GC invocations=66 (full 0):
 garbage-first heap   total reserved 2097152K, committed 263168K, used 235086K [0x0000000080000000, 0x0000000100000000)
  region size 1024K, 86 young (88064K), 11 survivors (11264K)
 Metaspace       used 119972K, committed 122752K, reserved 557056K
  class space    used 13576K, committed 14848K, reserved 425984K
}
Event: 44.445 GC heap after
{Heap after GC invocations=67 (full 0):
 garbage-first heap   total reserved 2097152K, committed 263168K, used 164311K [0x0000000080000000, 0x0000000100000000)
  region size 1024K, 8 young (8192K), 8 survivors (8192K)
 Metaspace       used 119972K, committed 122752K, reserved 557056K
  class space    used 13576K, committed 14848K, reserved 425984K
}
Event: 45.911 GC heap before
{Heap before GC invocations=67 (full 0):
 garbage-first heap   total reserved 2097152K, committed 263168K, used 240087K [0x0000000080000000, 0x0000000100000000)
  region size 1024K, 82 young (83968K), 8 survivors (8192K)
 Metaspace       used 120081K, committed 122816K, reserved 557056K
  class space    used 13584K, committed 14848K, reserved 425984K
}
Event: 45.925 GC heap after
{Heap after GC invocations=68 (full 0):
 garbage-first heap   total reserved 2097152K, committed 263168K, used 165850K [0x0000000080000000, 0x0000000100000000)
  region size 1024K, 5 young (5120K), 5 survivors (5120K)
 Metaspace       used 120081K, committed 122816K, reserved 557056K
  class space    used 13584K, committed 14848K, reserved 425984K
}

Dll operation events (15 events):
Event: 0.013 Loaded shared library C:\Program Files\Java\jdk-24\bin\java.dll
Event: 0.041 Loaded shared library C:\Program Files\Java\jdk-24\bin\jsvml.dll
Event: 0.084 Loaded shared library C:\Program Files\Java\jdk-24\bin\zip.dll
Event: 0.089 Loaded shared library C:\Program Files\Java\jdk-24\bin\instrument.dll
Event: 0.095 Loaded shared library C:\Program Files\Java\jdk-24\bin\net.dll
Event: 0.101 Loaded shared library C:\Program Files\Java\jdk-24\bin\nio.dll
Event: 0.104 Loaded shared library C:\Program Files\Java\jdk-24\bin\zip.dll
Event: 0.384 Loaded shared library C:\Program Files\Java\jdk-24\bin\jimage.dll
Event: 0.502 Loaded shared library C:\Program Files\Java\jdk-24\bin\verify.dll
Event: 0.588 Loaded shared library C:\Users\ricoe\.gradle\native\1def1411415f61bf3af743bc5b6707747c0891f09f0c88961ee8f79bc544acac\windows-amd64\native-platform.dll
Event: 0.602 Loaded shared library C:\Users\ricoe\.gradle\native\0.2.7\x86_64-windows-gnu\gradle-fileevents.dll
Event: 1.443 Loaded shared library C:\Program Files\Java\jdk-24\bin\management.dll
Event: 1.446 Loaded shared library C:\Program Files\Java\jdk-24\bin\management_ext.dll
Event: 1.557 Loaded shared library C:\Program Files\Java\jdk-24\bin\extnet.dll
Event: 1.756 Loaded shared library C:\Program Files\Java\jdk-24\bin\sunmscapi.dll

Deoptimization events (20 events):
Event: 1701.839 Thread 0x000001a625c6ae60 Uncommon trap: trap_request=0xffffffbe fr.pc=0x000001a662d3a7c0 relative=0x0000000000000760
Event: 1701.839 Thread 0x000001a625c6ae60 Uncommon trap: reason=profile_predicate action=maybe_recompile pc=0x000001a662d3a7c0 method=java.math.BigInteger.montReduce([I[III)[I @ 56 c2
Event: 1701.839 Thread 0x000001a625c6ae60 DEOPT PACKING pc=0x000001a662d3a7c0 sp=0x00000051a56fa3f0
Event: 1701.839 Thread 0x000001a625c6ae60 DEOPT UNPACKING pc=0x000001a661f56d02 sp=0x00000051a56fa3b8 mode 2
Event: 1701.839 Thread 0x000001a625c6ae60 Uncommon trap: trap_request=0xffffffbe fr.pc=0x000001a662d3a7c0 relative=0x0000000000000760
Event: 1701.839 Thread 0x000001a625c6ae60 Uncommon trap: reason=profile_predicate action=maybe_recompile pc=0x000001a662d3a7c0 method=java.math.BigInteger.montReduce([I[III)[I @ 56 c2
Event: 1701.839 Thread 0x000001a625c6ae60 DEOPT PACKING pc=0x000001a662d3a7c0 sp=0x00000051a56fa3f0
Event: 1701.839 Thread 0x000001a625c6ae60 DEOPT UNPACKING pc=0x000001a661f56d02 sp=0x00000051a56fa3b8 mode 2
Event: 1701.839 Thread 0x000001a625c6ae60 Uncommon trap: trap_request=0xffffffbe fr.pc=0x000001a662d3a7c0 relative=0x0000000000000760
Event: 1701.839 Thread 0x000001a625c6ae60 Uncommon trap: reason=profile_predicate action=maybe_recompile pc=0x000001a662d3a7c0 method=java.math.BigInteger.montReduce([I[III)[I @ 56 c2
Event: 1701.839 Thread 0x000001a625c6ae60 DEOPT PACKING pc=0x000001a662d3a7c0 sp=0x00000051a56fa3f0
Event: 1701.839 Thread 0x000001a625c6ae60 DEOPT UNPACKING pc=0x000001a661f56d02 sp=0x00000051a56fa3b8 mode 2
Event: 1701.839 Thread 0x000001a625c6ae60 Uncommon trap: trap_request=0xffffffbe fr.pc=0x000001a662857e04 relative=0x0000000000000624
Event: 1701.839 Thread 0x000001a625c6ae60 Uncommon trap: reason=profile_predicate action=maybe_recompile pc=0x000001a662857e04 method=java.math.BigInteger.montReduce([I[III)[I @ 9 c2
Event: 1701.839 Thread 0x000001a625c6ae60 DEOPT PACKING pc=0x000001a662857e04 sp=0x00000051a56fa3f0
Event: 1701.839 Thread 0x000001a625c6ae60 DEOPT UNPACKING pc=0x000001a661f56d02 sp=0x00000051a56fa3c0 mode 2
Event: 1701.840 Thread 0x000001a625c6ae60 Uncommon trap: trap_request=0xffffffbe fr.pc=0x000001a662857e04 relative=0x0000000000000624
Event: 1701.840 Thread 0x000001a625c6ae60 Uncommon trap: reason=profile_predicate action=maybe_recompile pc=0x000001a662857e04 method=java.math.BigInteger.montReduce([I[III)[I @ 9 c2
Event: 1701.840 Thread 0x000001a625c6ae60 DEOPT PACKING pc=0x000001a662857e04 sp=0x00000051a56fa3f0
Event: 1701.840 Thread 0x000001a625c6ae60 DEOPT UNPACKING pc=0x000001a661f56d02 sp=0x00000051a56fa3c0 mode 2

Classes loaded (20 events):
Event: 30.901 Loading class sun/reflect/misc/MethodUtil$1
Event: 30.901 Loading class sun/reflect/misc/MethodUtil$1 done
Event: 31.203 Loading class java/util/logging/LogRecord
Event: 31.205 Loading class java/util/logging/LogRecord done
Event: 31.335 Loading class java/nio/file/StandardCopyOption
Event: 31.335 Loading class java/nio/file/StandardCopyOption done
Event: 31.335 Loading class sun/nio/fs/WindowsFileCopy
Event: 31.335 Loading class sun/nio/fs/WindowsFileCopy done
Event: 31.434 Loading class java/util/Collections$EmptyListIterator
Event: 31.434 Loading class java/util/Collections$EmptyListIterator done
Event: 31.439 Loading class java/io/CharArrayWriter
Event: 31.440 Loading class java/io/CharArrayWriter done
Event: 31.445 Loading class java/time/Instant$1
Event: 31.445 Loading class java/time/Instant$1 done
Event: 31.510 Loading class java/net/UrlDeserializedState
Event: 31.511 Loading class java/net/UrlDeserializedState done
Event: 31.517 Loading class java/util/concurrent/CompletableFuture$AsyncRun
Event: 31.517 Loading class java/util/concurrent/CompletableFuture$AsyncRun done
Event: 34.118 Loading class jdk/internal/math/FormattedFPDecimal
Event: 34.119 Loading class jdk/internal/math/FormattedFPDecimal done

Classes unloaded (20 events):
Event: 24.465 Thread 0x000001a66ebe59b0 Unloading class 0x000001a601b34400 'java/lang/invoke/LambdaForm$MH+0x000001a601b34400'
Event: 24.465 Thread 0x000001a66ebe59b0 Unloading class 0x000001a601b34000 'java/lang/invoke/LambdaForm$MH+0x000001a601b34000'
Event: 24.465 Thread 0x000001a66ebe59b0 Unloading class 0x000001a601b33c00 'java/lang/invoke/LambdaForm$MH+0x000001a601b33c00'
Event: 24.465 Thread 0x000001a66ebe59b0 Unloading class 0x000001a601b33400 'java/lang/invoke/LambdaForm$MH+0x000001a601b33400'
Event: 24.465 Thread 0x000001a66ebe59b0 Unloading class 0x000001a601b33000 'java/lang/invoke/LambdaForm$MH+0x000001a601b33000'
Event: 24.465 Thread 0x000001a66ebe59b0 Unloading class 0x000001a601b32800 'java/lang/invoke/LambdaForm$MH+0x000001a601b32800'
Event: 24.465 Thread 0x000001a66ebe59b0 Unloading class 0x000001a601b32400 'java/lang/invoke/LambdaForm$MH+0x000001a601b32400'
Event: 24.465 Thread 0x000001a66ebe59b0 Unloading class 0x000001a601b32000 'java/lang/invoke/LambdaForm$MH+0x000001a601b32000'
Event: 24.465 Thread 0x000001a66ebe59b0 Unloading class 0x000001a601b31c00 'java/lang/invoke/LambdaForm$MH+0x000001a601b31c00'
Event: 24.465 Thread 0x000001a66ebe59b0 Unloading class 0x000001a601b31400 'java/lang/invoke/LambdaForm$MH+0x000001a601b31400'
Event: 24.465 Thread 0x000001a66ebe59b0 Unloading class 0x000001a601b31000 'java/lang/invoke/LambdaForm$MH+0x000001a601b31000'
Event: 24.465 Thread 0x000001a66ebe59b0 Unloading class 0x000001a601b30c00 'java/lang/invoke/LambdaForm$DMH+0x000001a601b30c00'
Event: 24.465 Thread 0x000001a66ebe59b0 Unloading class 0x000001a601b30000 'java/lang/invoke/LambdaForm$DMH+0x000001a601b30000'
Event: 24.465 Thread 0x000001a66ebe59b0 Unloading class 0x000001a601b30800 'java/lang/invoke/LambdaForm$DMH+0x000001a601b30800'
Event: 24.465 Thread 0x000001a66ebe59b0 Unloading class 0x000001a601b2d800 'java/lang/invoke/LambdaForm$MH+0x000001a601b2d800'
Event: 24.465 Thread 0x000001a66ebe59b0 Unloading class 0x000001a601b2d400 'java/lang/invoke/LambdaForm$MH+0x000001a601b2d400'
Event: 24.465 Thread 0x000001a66ebe59b0 Unloading class 0x000001a601b2c800 'java/lang/invoke/LambdaForm$MH+0x000001a601b2c800'
Event: 24.465 Thread 0x000001a66ebe59b0 Unloading class 0x000001a601b2c400 'java/lang/invoke/LambdaForm$MH+0x000001a601b2c400'
Event: 24.465 Thread 0x000001a66ebe59b0 Unloading class 0x000001a601b1cc00 'java/lang/invoke/LambdaForm$MH+0x000001a601b1cc00'
Event: 24.465 Thread 0x000001a66ebe59b0 Unloading class 0x000001a601b1c400 'java/lang/invoke/LambdaForm$DMH+0x000001a601b1c400'

Classes redefined (0 events):
No events

Internal exceptions (20 events):
Event: 44.313 Thread 0x000001a623836670 Exception <a 'sun/nio/fs/WindowsException'{0x000000008b956b10}> (0x000000008b956b10) 
thrown [s\open\src\hotspot\share\prims\jni.cpp, line 518]
Event: 44.313 Thread 0x000001a623836670 Exception <a 'sun/nio/fs/WindowsException'{0x000000008b95cfa8}> (0x000000008b95cfa8) 
thrown [s\open\src\hotspot\share\prims\jni.cpp, line 518]
Event: 44.313 Thread 0x000001a625c7f7c0 Exception <a 'sun/nio/fs/WindowsException'{0x000000008b95a5e0}> (0x000000008b95a5e0) 
thrown [s\open\src\hotspot\share\prims\jni.cpp, line 518]
Event: 44.398 Thread 0x000001a625c823a0 Exception <a 'sun/nio/fs/WindowsException'{0x000000008b68c420}> (0x000000008b68c420) 
thrown [s\open\src\hotspot\share\prims\jni.cpp, line 518]
Event: 44.398 Thread 0x000001a625c823a0 Exception <a 'sun/nio/fs/WindowsException'{0x000000008b68e870}> (0x000000008b68e870) 
thrown [s\open\src\hotspot\share\prims\jni.cpp, line 518]
Event: 44.398 Thread 0x000001a625c823a0 Exception <a 'sun/nio/fs/WindowsException'{0x000000008b6908d8}> (0x000000008b6908d8) 
thrown [s\open\src\hotspot\share\prims\jni.cpp, line 518]
Event: 44.398 Thread 0x000001a625c823a0 Exception <a 'sun/nio/fs/WindowsException'{0x000000008b692840}> (0x000000008b692840) 
thrown [s\open\src\hotspot\share\prims\jni.cpp, line 518]
Event: 45.784 Thread 0x000001a620c066b0 Exception <a 'sun/nio/fs/WindowsException'{0x000000008c0cabd8}> (0x000000008c0cabd8) 
thrown [s\open\src\hotspot\share\prims\jni.cpp, line 518]
Event: 45.898 Thread 0x000001a625c75e30 Exception <a 'sun/nio/fs/WindowsException'{0x000000008b605cd0}> (0x000000008b605cd0) 
thrown [s\open\src\hotspot\share\prims\jni.cpp, line 518]
Event: 45.900 Thread 0x000001a625c75e30 Exception <a 'sun/nio/fs/WindowsException'{0x000000008b60df28}> (0x000000008b60df28) 
thrown [s\open\src\hotspot\share\prims\jni.cpp, line 518]
Event: 45.902 Thread 0x000001a625c75e30 Exception <a 'sun/nio/fs/WindowsException'{0x000000008b615e00}> (0x000000008b615e00) 
thrown [s\open\src\hotspot\share\prims\jni.cpp, line 518]
Event: 45.903 Thread 0x000001a625c75e30 Exception <a 'sun/nio/fs/WindowsException'{0x000000008b619c40}> (0x000000008b619c40) 
thrown [s\open\src\hotspot\share\prims\jni.cpp, line 518]
Event: 45.904 Thread 0x000001a625c75e30 Exception <a 'sun/nio/fs/WindowsException'{0x000000008b61ec50}> (0x000000008b61ec50) 
thrown [s\open\src\hotspot\share\prims\jni.cpp, line 518]
Event: 45.905 Thread 0x000001a625c75e30 Exception <a 'sun/nio/fs/WindowsException'{0x000000008b628078}> (0x000000008b628078) 
thrown [s\open\src\hotspot\share\prims\jni.cpp, line 518]
Event: 45.905 Thread 0x000001a625c75e30 Exception <a 'sun/nio/fs/WindowsException'{0x000000008b62c7a8}> (0x000000008b62c7a8) 
thrown [s\open\src\hotspot\share\prims\jni.cpp, line 518]
Event: 45.906 Thread 0x000001a625c75e30 Exception <a 'sun/nio/fs/WindowsException'{0x000000008b631a88}> (0x000000008b631a88) 
thrown [s\open\src\hotspot\share\prims\jni.cpp, line 518]
Event: 45.908 Thread 0x000001a625c75e30 Exception <a 'sun/nio/fs/WindowsException'{0x000000008b63aef8}> (0x000000008b63aef8) 
thrown [s\open\src\hotspot\share\prims\jni.cpp, line 518]
Event: 1700.404 Thread 0x000001a625c6ae60 Exception <a 'java/io/IOException'{0x000000008d945348}> (0x000000008d945348) 
thrown [s\open\src\hotspot\share\prims\jni.cpp, line 518]
Event: 1701.712 Thread 0x000001a625c6ae60 Exception <a 'java/lang/NoSuchMethodError'{0x000000008d0c2ef8}: static Lorg/gradle/tooling/internal/consumer/connection/InternalPhasedActionAdapter;.<clinit>()V> (0x000000008d0c2ef8) 
thrown [s\open\src\hotspot\share\prims\jni.cpp, line 1108]
Event: 1701.831 Thread 0x000001a625c6ae60 Exception <a 'java/lang/NoSuchMethodError'{0x000000008d0e3b50}: static Lorg/gradle/tooling/internal/consumer/connection/InternalBuildActionAdapter;.<clinit>()V> (0x000000008d0e3b50) 
thrown [s\open\src\hotspot\share\prims\jni.cpp, line 1108]

VM Operations (20 events):
Event: 1443.179 Executing VM operation: HandshakeAllThreads (HandshakeForDeflation)
Event: 1443.180 Executing VM operation: HandshakeAllThreads (HandshakeForDeflation) done
Event: 1443.181 Executing VM operation: RendezvousGCThreads
Event: 1443.181 Executing VM operation: RendezvousGCThreads done
Event: 1503.295 Executing VM operation: HandshakeAllThreads (HandshakeForDeflation)
Event: 1503.295 Executing VM operation: HandshakeAllThreads (HandshakeForDeflation) done
Event: 1503.295 Executing VM operation: RendezvousGCThreads
Event: 1503.295 Executing VM operation: RendezvousGCThreads done
Event: 1563.335 Executing VM operation: HandshakeAllThreads (HandshakeForDeflation)
Event: 1563.335 Executing VM operation: HandshakeAllThreads (HandshakeForDeflation) done
Event: 1563.335 Executing VM operation: RendezvousGCThreads
Event: 1563.335 Executing VM operation: RendezvousGCThreads done
Event: 1623.567 Executing VM operation: HandshakeAllThreads (HandshakeForDeflation)
Event: 1623.568 Executing VM operation: HandshakeAllThreads (HandshakeForDeflation) done
Event: 1623.568 Executing VM operation: RendezvousGCThreads
Event: 1623.568 Executing VM operation: RendezvousGCThreads done
Event: 1683.609 Executing VM operation: HandshakeAllThreads (HandshakeForDeflation)
Event: 1683.617 Executing VM operation: HandshakeAllThreads (HandshakeForDeflation) done
Event: 1683.619 Executing VM operation: RendezvousGCThreads
Event: 1683.619 Executing VM operation: RendezvousGCThreads done

Memory protections (0 events):
No events

Nmethod flushes (20 events):
Event: 42.770 Thread 0x000001a66ebe59b0 flushing  nmethod 0x000001a65b414a88
Event: 42.770 Thread 0x000001a66ebe59b0 flushing  nmethod 0x000001a65b471988
Event: 42.770 Thread 0x000001a66ebe59b0 flushing  nmethod 0x000001a65b5ab888
Event: 42.770 Thread 0x000001a66ebe59b0 flushing  nmethod 0x000001a65b679408
Event: 42.770 Thread 0x000001a66ebe59b0 flushing  nmethod 0x000001a65b67c108
Event: 42.770 Thread 0x000001a66ebe59b0 flushing  nmethod 0x000001a65b67dc08
Event: 42.770 Thread 0x000001a66ebe59b0 flushing  nmethod 0x000001a65b7a4608
Event: 42.770 Thread 0x000001a66ebe59b0 flushing  nmethod 0x000001a65b85dd88
Event: 42.770 Thread 0x000001a66ebe59b0 flushing  nmethod 0x000001a65b93e608
Event: 42.770 Thread 0x000001a66ebe59b0 flushing  nmethod 0x000001a65b99dd08
Event: 42.770 Thread 0x000001a66ebe59b0 flushing  nmethod 0x000001a65baa7108
Event: 42.770 Thread 0x000001a66ebe59b0 flushing  nmethod 0x000001a65bdc7b88
Event: 42.770 Thread 0x000001a66ebe59b0 flushing  nmethod 0x000001a65be08e08
Event: 42.770 Thread 0x000001a66ebe59b0 flushing  nmethod 0x000001a662b21308
Event: 42.770 Thread 0x000001a66ebe59b0 flushing  nmethod 0x000001a65aa7e288
Event: 42.770 Thread 0x000001a66ebe59b0 flushing  nmethod 0x000001a65aa80508
Event: 42.770 Thread 0x000001a66ebe59b0 flushing  nmethod 0x000001a65aaf9908
Event: 42.770 Thread 0x000001a66ebe59b0 flushing  nmethod 0x000001a65acf1908
Event: 42.770 Thread 0x000001a66ebe59b0 flushing  nmethod 0x000001a65ba18c08
Event: 42.770 Thread 0x000001a66ebe59b0 flushing  nmethod 0x000001a65bdf9508

Events (20 events):
Event: 102.496 Thread 0x000001a6238357d0 Thread exited: 0x000001a6238357d0
Event: 102.528 Thread 0x000001a62383a0f0 Thread exited: 0x000001a62383a0f0
Event: 103.744 Thread 0x000001a62158f7f0 Thread exited: 0x000001a62158f7f0
Event: 103.744 Thread 0x000001a62158bd70 Thread exited: 0x000001a62158bd70
Event: 103.744 Thread 0x000001a621591530 Thread exited: 0x000001a621591530
Event: 104.352 Thread 0x000001a625c798b0 Thread exited: 0x000001a625c798b0
Event: 104.352 Thread 0x000001a623836670 Thread exited: 0x000001a623836670
Event: 104.429 Thread 0x000001a625c7d330 Thread exited: 0x000001a625c7d330
Event: 105.861 Thread 0x000001a620c066b0 Thread exited: 0x000001a620c066b0
Event: 105.876 Thread 0x000001a620b3f7c0 Thread exited: 0x000001a620b3f7c0
Event: 105.936 Thread 0x000001a625c75e30 Thread exited: 0x000001a625c75e30
Event: 1698.116 Thread 0x000001a620ac6b20 Thread added: 0x000001a625c673e0
Event: 1698.176 Thread 0x000001a625c673e0 Thread added: 0x000001a625c67b30
Event: 1698.493 Thread 0x000001a625c673e0 Thread added: 0x000001a625c64800
Event: 1698.850 Thread 0x000001a625c673e0 Thread added: 0x000001a625c6ae60
Event: 1699.972 Thread 0x000001a625c6ae60 Thread added: 0x000001a625c69fc0
Event: 1700.028 Thread 0x000001a625c6ae60 Thread added: 0x000001a625c6a710
Event: 1700.032 Thread 0x000001a625c6ae60 Thread added: 0x000001a625c69120
Event: 1700.410 Thread 0x000001a625c6ae60 Thread added: 0x000001a625c69870
Event: 1700.434 Thread 0x000001a625c6ae60 Thread added: 0x000001a625c68280


Dynamic libraries:
0x00007ff6b86c0000 - 0x00007ff6b86d0000 	C:\Program Files\Java\jdk-24\bin\java.exe
0x00007ffbda520000 - 0x00007ffbda787000 	C:\WINDOWS\SYSTEM32\ntdll.dll
0x00007ffbd9310000 - 0x00007ffbd93d9000 	C:\WINDOWS\System32\KERNEL32.DLL
0x00007ffbd7c20000 - 0x00007ffbd800f000 	C:\WINDOWS\System32\KERNELBASE.dll
0x00007ffbd77f0000 - 0x00007ffbd793b000 	C:\WINDOWS\System32\ucrtbase.dll
0x00007ffbc1c70000 - 0x00007ffbc1c8b000 	C:\Program Files\Java\jdk-24\bin\VCRUNTIME140.dll
0x00007ffbc1a20000 - 0x00007ffbc1a36000 	C:\Program Files\Java\jdk-24\bin\jli.dll
0x00007ffbd8d60000 - 0x00007ffbd8f25000 	C:\WINDOWS\System32\USER32.dll
0x00007ffbd7bf0000 - 0x00007ffbd7c17000 	C:\WINDOWS\System32\win32u.dll
0x00007ffbaec00000 - 0x00007ffbaee93000 	C:\WINDOWS\WinSxS\amd64_microsoft.windows.common-controls_6595b64144ccf1df_6.0.26100.7309_none_3e05feeae336a044\COMCTL32.dll
0x00007ffbd9bd0000 - 0x00007ffbd9bfb000 	C:\WINDOWS\System32\GDI32.dll
0x00007ffbd82c0000 - 0x00007ffbd8369000 	C:\WINDOWS\System32\msvcrt.dll
0x00007ffbd8190000 - 0x00007ffbd82bc000 	C:\WINDOWS\System32\gdi32full.dll
0x00007ffbd79f0000 - 0x00007ffbd7a93000 	C:\WINDOWS\System32\msvcp_win.dll
0x00007ffbd8370000 - 0x00007ffbd83a1000 	C:\WINDOWS\System32\IMM32.DLL
0x00007ffbcd660000 - 0x00007ffbcd66c000 	C:\Program Files\Java\jdk-24\bin\vcruntime140_1.dll
0x00007ffbab050000 - 0x00007ffbab0de000 	C:\Program Files\Java\jdk-24\bin\msvcp140.dll
0x00007ffaee6c0000 - 0x00007ffaef462000 	C:\Program Files\Java\jdk-24\bin\server\jvm.dll
0x00007ffbd9c00000 - 0x00007ffbd9cb4000 	C:\WINDOWS\System32\ADVAPI32.dll
0x00007ffbd8800000 - 0x00007ffbd88a6000 	C:\WINDOWS\System32\sechost.dll
0x00007ffbd88b0000 - 0x00007ffbd89c8000 	C:\WINDOWS\System32\RPCRT4.dll
0x00007ffbd9b40000 - 0x00007ffbd9bb4000 	C:\WINDOWS\System32\WS2_32.dll
0x00007ffbc3540000 - 0x00007ffbc3575000 	C:\WINDOWS\SYSTEM32\WINMM.dll
0x00007ffbd74d0000 - 0x00007ffbd752e000 	C:\WINDOWS\SYSTEM32\POWRPROF.dll
0x00007ffbcdaa0000 - 0x00007ffbcdaab000 	C:\WINDOWS\SYSTEM32\VERSION.dll
0x00007ffbd74b0000 - 0x00007ffbd74c4000 	C:\WINDOWS\SYSTEM32\UMPDC.dll
0x00007ffbd6390000 - 0x00007ffbd63ab000 	C:\WINDOWS\SYSTEM32\kernel.appcore.dll
0x00007ffbc1d70000 - 0x00007ffbc1d7a000 	C:\Program Files\Java\jdk-24\bin\jimage.dll
0x00007ffbd4da0000 - 0x00007ffbd4fe2000 	C:\WINDOWS\SYSTEM32\DBGHELP.DLL
0x00007ffbd89d0000 - 0x00007ffbd8d55000 	C:\WINDOWS\System32\combase.dll
0x00007ffbd9d50000 - 0x00007ffbd9e26000 	C:\WINDOWS\System32\OLEAUT32.dll
0x00007ffbc5d60000 - 0x00007ffbc5d9c000 	C:\WINDOWS\SYSTEM32\dbgcore.DLL
0x00007ffbd7940000 - 0x00007ffbd79e5000 	C:\WINDOWS\System32\bcryptPrimitives.dll
0x00007ffbc1b20000 - 0x00007ffbc1b2f000 	C:\Program Files\Java\jdk-24\bin\instrument.dll
0x00007ffbc1550000 - 0x00007ffbc156e000 	C:\Program Files\Java\jdk-24\bin\java.dll
0x00007ffbda340000 - 0x00007ffbda4d7000 	C:\WINDOWS\System32\ole32.dll
0x00007ffbd93e0000 - 0x00007ffbd9b33000 	C:\WINDOWS\System32\SHELL32.dll
0x00007ffbd8020000 - 0x00007ffbd818a000 	C:\WINDOWS\System32\wintypes.dll
0x00007ffbd5250000 - 0x00007ffbd5aae000 	C:\WINDOWS\SYSTEM32\windows.storage.dll
0x00007ffbd8600000 - 0x00007ffbd86f5000 	C:\WINDOWS\System32\SHCORE.dll
0x00007ffbd8590000 - 0x00007ffbd85f6000 	C:\WINDOWS\System32\shlwapi.dll
0x00007ffbd7590000 - 0x00007ffbd75b9000 	C:\WINDOWS\SYSTEM32\profapi.dll
0x00007ffb9b7b0000 - 0x00007ffb9b887000 	C:\Program Files\Java\jdk-24\bin\jsvml.dll
0x00007ffbb70b0000 - 0x00007ffbb70c7000 	C:\Program Files\Java\jdk-24\bin\zip.dll
0x00007ffbb7380000 - 0x00007ffbb7390000 	C:\Program Files\Java\jdk-24\bin\net.dll
0x00007ffbd6990000 - 0x00007ffbd69fb000 	C:\WINDOWS\system32\mswsock.dll
0x00007ffbb6d30000 - 0x00007ffbb6d46000 	C:\Program Files\Java\jdk-24\bin\nio.dll
0x00007ffbb6f30000 - 0x00007ffbb6f40000 	C:\Program Files\Java\jdk-24\bin\verify.dll
0x00007ffbb6e60000 - 0x00007ffbb6e87000 	C:\Users\ricoe\.gradle\native\1def1411415f61bf3af743bc5b6707747c0891f09f0c88961ee8f79bc544acac\windows-amd64\native-platform.dll
0x00007ffba4950000 - 0x00007ffba49c8000 	C:\Users\ricoe\.gradle\native\0.2.7\x86_64-windows-gnu\gradle-fileevents.dll
0x00007ffbb6e50000 - 0x00007ffbb6e5a000 	C:\Program Files\Java\jdk-24\bin\management.dll
0x00007ffbb6e30000 - 0x00007ffbb6e3b000 	C:\Program Files\Java\jdk-24\bin\management_ext.dll
0x00007ffbd9bc0000 - 0x00007ffbd9bc8000 	C:\WINDOWS\System32\PSAPI.DLL
0x00007ffbd5e20000 - 0x00007ffbd5e54000 	C:\WINDOWS\SYSTEM32\IPHLPAPI.DLL
0x00007ffbd9080000 - 0x00007ffbd908a000 	C:\WINDOWS\System32\NSI.dll
0x00007ffbac110000 - 0x00007ffbac119000 	C:\Program Files\Java\jdk-24\bin\extnet.dll
0x00007ffbd6c50000 - 0x00007ffbd6c6b000 	C:\WINDOWS\SYSTEM32\CRYPTSP.dll
0x00007ffbd6350000 - 0x00007ffbd638a000 	C:\WINDOWS\system32\rsaenh.dll
0x00007ffbd6a40000 - 0x00007ffbd6a6b000 	C:\WINDOWS\SYSTEM32\USERENV.dll
0x00007ffbd7560000 - 0x00007ffbd758a000 	C:\WINDOWS\SYSTEM32\bcrypt.dll
0x00007ffbd6c70000 - 0x00007ffbd6c7c000 	C:\WINDOWS\SYSTEM32\CRYPTBASE.dll
0x00007ffbab200000 - 0x00007ffbab20e000 	C:\Program Files\Java\jdk-24\bin\sunmscapi.dll
0x00007ffbd7670000 - 0x00007ffbd77e7000 	C:\WINDOWS\System32\CRYPT32.dll
0x00007ffbd6e70000 - 0x00007ffbd6ea0000 	C:\WINDOWS\SYSTEM32\ncrypt.dll
0x00007ffbd6e20000 - 0x00007ffbd6e5f000 	C:\WINDOWS\SYSTEM32\NTASN1.dll
0x00007ffb256f0000 - 0x00007ffb256f8000 	C:\WINDOWS\system32\wshunix.dll
0x00007ffbd5ec0000 - 0x00007ffbd5fec000 	C:\WINDOWS\SYSTEM32\DNSAPI.dll
0x00007ffbc9e20000 - 0x00007ffbc9e2b000 	C:\Windows\System32\rasadhlp.dll
0x00007ffbca480000 - 0x00007ffbca506000 	C:\WINDOWS\System32\fwpuclnt.dll
0x00007ffbd41e0000 - 0x00007ffbd427f000 	C:\WINDOWS\system32\apphelp.dll

dbghelp: loaded successfully - version: 4.0.5 - missing functions: none
symbol engine: initialized successfully - sym options: 0x614 - pdb path: .;C:\Program Files\Java\jdk-24\bin;C:\WINDOWS\SYSTEM32;C:\WINDOWS\WinSxS\amd64_microsoft.windows.common-controls_6595b64144ccf1df_6.0.26100.7309_none_3e05feeae336a044;C:\Program Files\Java\jdk-24\bin\server;C:\Users\ricoe\.gradle\native\1def1411415f61bf3af743bc5b6707747c0891f09f0c88961ee8f79bc544acac\windows-amd64;C:\Users\ricoe\.gradle\native\0.2.7\x86_64-windows-gnu

VM Arguments:
jvm_args: --add-opens=java.base/java.lang=ALL-UNNAMED --add-opens=java.base/java.lang.invoke=ALL-UNNAMED --add-opens=java.base/java.util=ALL-UNNAMED --add-opens=java.prefs/java.util.prefs=ALL-UNNAMED --add-exports=jdk.compiler/com.sun.tools.javac.api=ALL-UNNAMED --add-exports=jdk.compiler/com.sun.tools.javac.util=ALL-UNNAMED --add-opens=java.base/java.util=ALL-UNNAMED --add-opens=java.prefs/java.util.prefs=ALL-UNNAMED --add-opens=java.base/java.nio.charset=ALL-UNNAMED --add-opens=java.base/java.net=ALL-UNNAMED --add-opens=java.base/java.util.concurrent.atomic=ALL-UNNAMED --add-opens=java.xml/javax.xml.namespace=ALL-UNNAMED --enable-native-access=ALL-UNNAMED -XX:MaxMetaspaceSize=512m -Xmx2048m -Dfile.encoding=UTF-8 -Duser.country=PH -Duser.language=en -Duser.variant -javaagent:C:\Users\ricoe\.gradle\wrapper\dists\gradle-8.14.3-bin\cv11ve7ro1n3o1j4so8xd9n66\gradle-8.14.3\lib\agents\gradle-instrumentation-agent-8.14.3.jar 
java_command: org.gradle.launcher.daemon.bootstrap.GradleDaemon 8.14.3
java_class_path (initial): C:\Users\ricoe\.gradle\wrapper\dists\gradle-8.14.3-bin\cv11ve7ro1n3o1j4so8xd9n66\gradle-8.14.3\lib\gradle-daemon-main-8.14.3.jar
Launcher Type: SUN_STANDARD

[Global flags]
     intx CICompilerCount                          = 4                                         {product} {ergonomic}
   size_t CompressedClassSpaceSize                 = 436207616                                 {product} {ergonomic}
     uint ConcGCThreads                            = 3                                         {product} {ergonomic}
     uint G1ConcRefinementThreads                  = 10                                        {product} {ergonomic}
   size_t G1HeapRegionSize                         = 1048576                                   {product} {ergonomic}
   size_t InitialHeapSize                          = 132120576                                 {product} {ergonomic}
   size_t MarkStackSize                            = 4194304                                   {product} {ergonomic}
   size_t MarkStackSizeMax                         = 536870912                                 {product} {ergonomic}
   size_t MaxHeapSize                              = 2147483648                                {product} {command line}
   size_t MaxMetaspaceSize                         = 536870912                                 {product} {command line}
   size_t MaxNewSize                               = 1287651328                                {product} {ergonomic}
   size_t MinHeapDeltaBytes                        = 1048576                                   {product} {ergonomic}
   size_t MinHeapSize                              = 8388608                                   {product} {ergonomic}
    uintx NonNMethodCodeHeapSize                   = 5832704                                {pd product} {ergonomic}
    uintx NonProfiledCodeHeapSize                  = 122945536                              {pd product} {ergonomic}
    uintx ProfiledCodeHeapSize                     = 122880000                              {pd product} {ergonomic}
    uintx ReservedCodeCacheSize                    = 251658240                              {pd product} {ergonomic}
     bool SegmentedCodeCache                       = true                                      {product} {ergonomic}
   size_t SoftMaxHeapSize                          = 2147483648                             {manageable} {ergonomic}
     bool UseCompressedOops                        = true                           {product lp64_product} {ergonomic}
     bool UseG1GC                                  = true                                      {product} {ergonomic}
     bool UseLargePagesIndividualAllocation        = false                                  {pd product} {ergonomic}

Logging:
Log output configuration:
 #0: stdout all=warning uptime,level,tags foldmultilines=false
 #1: stderr all=off uptime,level,tags foldmultilines=false

Environment Variables:
PATH=C:\Program Files\Common Files\Oracle\Java\javapath;C:\Program Files (x86)\Common Files\Oracle\Java\java8path;C:\Program Files (x86)\Common Files\Oracle\Java\javapath;C:\Windows\system32;C:\Windows;C:\Windows\System32\Wbem;C:\Windows\System32\WindowsPowerShell\v1.0\;C:\Windows\System32\OpenSSH\;C:\Program Files (x86)\NVIDIA Corporation\PhysX\Common;C:\Program Files\NVIDIA Corporation\NVIDIA NvDLISR;C:\WINDOWS\system32;C:\WINDOWS;C:\WINDOWS\System32\Wbem;C:\WINDOWS\System32\WindowsPowerShell\v1.0\;C:\WINDOWS\System32\OpenSSH\;C:\Program Files (x86)\dotnet\;C:\Program Files\dotnet\;C:\Program Files (x86)\Windows Kits\10\Windows Performance Toolkit\;C:\wamp64\bin\php\php7.4.33;C:\composer;C:\Program Files\nodejs\;C:\Program Files\Git\cmd;C:\Users\ricoe\.config\herd-lite\bin;C:\Users\ricoe\AppData\Local\Programs\Python\Launcher\;C:\Users\ricoe\AppData\Local\Microsoft\WindowsApps;C:\Users\ricoe\AppData\Local\Programs\Microsoft VS Code\bin;C:\Users\ricoe\AppData\Roaming\Composer\vendor\bin;C:\Users\ricoe\AppData\Roaming\npm;C:\Users\ricoe\.aptoscli\bin;C:\Users\ricoe\AppData\Local\GitHubDesktop\bin;C:\dev\flutter\bin;
USERNAME=Admin
OS=Windows_NT
PROCESSOR_IDENTIFIER=Intel64 Family 6 Model 141 Stepping 1, GenuineIntel
TMP=C:\Users\ricoe\AppData\Local\Temp
TEMP=C:\Users\ricoe\AppData\Local\Temp




Periodic native trim disabled

---------------  S Y S T E M  ---------------

OS:
 Windows 11 , 64 bit Build 26100 (10.0.26100.7309)
OS uptime: 3 days 22:27 hours
Hyper-V role detected

CPU: total 12 (initial active 12) (6 cores per cpu, 2 threads per core) family 6 model 141 stepping 1 microcode 0x3c, cx8, cmov, fxsr, ht, mmx, 3dnowpref, sse, sse2, sse3, ssse3, sse4.1, sse4.2, popcnt, lzcnt, tsc, tscinvbit, avx, avx2, aes, erms, clmul, bmi1, bmi2, adx, avx512f, avx512dq, avx512cd, avx512bw, avx512vl, sha, fma, vzeroupper, avx512_vpopcntdq, avx512_vpclmulqdq, avx512_vaes, avx512_vnni, clflush, clflushopt, clwb, avx512_vbmi2, avx512_vbmi, hv, rdtscp, rdpid, fsrm, gfni, avx512_bitalg, f16c, cet_ibt, cet_ss, avx512_ifma
Processor Information for the first 12 processors :
  Max Mhz: 2688, Current Mhz: 2688, Mhz Limit: 2688

Memory: 4k page, system-wide physical 7971M (730M free)
TotalPageFile size 32547M (AvailPageFile size 10M)
current process WorkingSet (physical memory assigned to process): 111M, peak: 537M
current process commit charge ("private bytes"): 603M, peak: 646M

vm_info: Java HotSpot(TM) 64-Bit Server VM (24+36-3646) for windows-amd64 JRE (24+36-3646), built on 2025-02-06T00:20:43Z with MS VC++ 17.6 (VS2022)

END.
